Build started 8/9/2015 23:10:24.
     1>Project "C:\Users\Gabriel\Desktop\bullet3-master\build3\vs2010\BulletFileLoader.vcxproj" on node 4 (Build target(s)).
     1>ClCompile:
         C:\Program Files (x86)\Microsoft Visual Studio 12.0\VC\bin\CL.exe /c /I..\..\src /Zi /nologo /W3 /WX- /Od /Oy- /D _DEBUG=1 /D _MBCS /Gm- /EHsc /RTC1 /MTd /GS /Gy /fp:fast /Zc:wchar_t /Zc:forScope /Fo"obj\x32\Debug\BulletFileLoader\\" /Fd"..\..\bin\BulletFileLoader_vs2010_debug.pdb" /Gd /TP /analyze- /errorReport:prompt /MP ..\..\Extras\Serialize\BulletFileLoader\bChunk.cpp ..\..\Extras\Serialize\BulletFileLoader\bDNA.cpp ..\..\Extras\Serialize\BulletFileLoader\bFile.cpp ..\..\Extras\Serialize\BulletFileLoader\btBulletFile.cpp
         bChunk.cpp
         bDNA.cpp
         bFile.cpp
         btBulletFile.cpp
     1>..\..\Extras\Serialize\BulletFileLoader\btBulletFile.cpp(371): warning C4996: 'fopen': This function or variable may be unsafe. Consider using fopen_s instead. To disable deprecation, use _CRT_SECURE_NO_WARNINGS. See online help for details.
                 C:\Program Files (x86)\Microsoft Visual Studio 12.0\VC\include\stdio.h(211) : see declaration of 'fopen'
     1>..\..\Extras\Serialize\BulletFileLoader\bFile.cpp(70): warning C4996: 'fopen': This function or variable may be unsafe. Consider using fopen_s instead. To disable deprecation, use _CRT_SECURE_NO_WARNINGS. See online help for details.
                 C:\Program Files (x86)\Microsoft Visual Studio 12.0\VC\include\stdio.h(211) : see declaration of 'fopen'
     1>..\..\Extras\Serialize\BulletFileLoader\bFile.cpp(585): warning C4996: 'fopen': This function or variable may be unsafe. Consider using fopen_s instead. To disable deprecation, use _CRT_SECURE_NO_WARNINGS. See online help for details.
                 C:\Program Files (x86)\Microsoft Visual Studio 12.0\VC\include\stdio.h(211) : see declaration of 'fopen'
       Lib:
         C:\Program Files (x86)\Microsoft Visual Studio 12.0\VC\bin\Lib.exe /OUT:"..\..\bin\BulletFileLoader_vs2010_debug.lib" /NOLOGO /MACHINE:X86 obj\x32\Debug\BulletFileLoader\bChunk.obj
         obj\x32\Debug\BulletFileLoader\bDNA.obj
         obj\x32\Debug\BulletFileLoader\bFile.obj
         obj\x32\Debug\BulletFileLoader\btBulletFile.obj
         BulletFileLoader.vcxproj -> C:\Users\Gabriel\Desktop\bullet3-master\build3\vs2010\..\..\bin\BulletFileLoader_vs2010_debug.lib
     1>Done Building Project "C:\Users\Gabriel\Desktop\bullet3-master\build3\vs2010\BulletFileLoader.vcxproj" (Build target(s)).

Build succeeded.

Time Elapsed 00:00:22.44
