c:\users\gabriel\desktop\open.gl\tutorial_01_glew\tutorial\debug\vc140.pdb
c:\users\gabriel\desktop\open.gl\tutorial_01_glew\tutorial\debug\vc140.idb
c:\users\gabriel\desktop\open.gl\tutorial_01_glew\tutorial\debug\main.obj
c:\users\gabriel\desktop\open.gl\tutorial_01_glew\tutorial\debug\scene.obj
c:\users\gabriel\desktop\open.gl\tutorial_01_glew\tutorial\debug\camera.obj
c:\users\gabriel\desktop\open.gl\tutorial_01_glew\tutorial\debug\instance.obj
c:\users\gabriel\desktop\open.gl\tutorial_01_glew\tutorial\debug\rectangularprism.obj
c:\users\gabriel\desktop\open.gl\tutorial_01_glew\tutorial\debug\shadermanager.obj
c:\users\gabriel\desktop\open.gl\tutorial_01_glew\tutorial\debug\spawnmachine.obj
c:\users\gabriel\desktop\open.gl\tutorial_01_glew\tutorial\debug\imgui_impl_glfw_gl3.obj
c:\users\gabriel\desktop\open.gl\tutorial_01_glew\tutorial\debug\imgui.obj
c:\users\gabriel\desktop\open.gl\tutorial_01_glew\tutorial\debug\gl3w.obj
c:\users\gabriel\desktop\open.gl\tutorial_01_glew\tutorial\debug\imgui_demo.obj
c:\users\gabriel\desktop\open.gl\tutorial_01_glew\tutorial\debug\imgui_draw.obj
c:\users\gabriel\desktop\open.gl\tutorial_01_glew\debug\tutorial.pdb
c:\users\gabriel\desktop\open.gl\tutorial_01_glew\tutorial\debug\tutorial.tlog\cl.command.1.tlog
c:\users\gabriel\desktop\open.gl\tutorial_01_glew\tutorial\debug\tutorial.tlog\cl.read.1.tlog
c:\users\gabriel\desktop\open.gl\tutorial_01_glew\tutorial\debug\tutorial.tlog\cl.write.1.tlog
c:\users\gabriel\desktop\open.gl\tutorial_01_glew\tutorial\debug\tutorial.tlog\link-cvtres.read.1.tlog
c:\users\gabriel\desktop\open.gl\tutorial_01_glew\tutorial\debug\tutorial.tlog\link-cvtres.write.1.tlog
c:\users\gabriel\desktop\open.gl\tutorial_01_glew\tutorial\debug\tutorial.tlog\link-rc.read.1.tlog
c:\users\gabriel\desktop\open.gl\tutorial_01_glew\tutorial\debug\tutorial.tlog\link-rc.write.1.tlog
c:\users\gabriel\desktop\open.gl\tutorial_01_glew\tutorial\debug\tutorial.tlog\link.7828-cvtres.read.1.tlog
c:\users\gabriel\desktop\open.gl\tutorial_01_glew\tutorial\debug\tutorial.tlog\link.7828-cvtres.write.1.tlog
c:\users\gabriel\desktop\open.gl\tutorial_01_glew\tutorial\debug\tutorial.tlog\link.7828-rc.read.1.tlog
c:\users\gabriel\desktop\open.gl\tutorial_01_glew\tutorial\debug\tutorial.tlog\link.7828-rc.write.1.tlog
c:\users\gabriel\desktop\open.gl\tutorial_01_glew\tutorial\debug\tutorial.tlog\link.7828.read.1.tlog
c:\users\gabriel\desktop\open.gl\tutorial_01_glew\tutorial\debug\tutorial.tlog\link.7828.write.1.tlog
c:\users\gabriel\desktop\open.gl\tutorial_01_glew\tutorial\debug\tutorial.tlog\link.command.1.tlog
c:\users\gabriel\desktop\open.gl\tutorial_01_glew\tutorial\debug\tutorial.tlog\link.read.1.tlog
c:\users\gabriel\desktop\open.gl\tutorial_01_glew\tutorial\debug\tutorial.tlog\link.write.1.tlog
