Build started 8/9/2015 23:10:30.
     1>Project "C:\Users\Gabriel\Desktop\bullet3-master\build3\vs2010\BulletSoftBody.vcxproj" on node 3 (Build target(s)).
     1>ClCompile:
         C:\Program Files (x86)\Microsoft Visual Studio 12.0\VC\bin\CL.exe /c /I..\..\src /Zi /nologo /W3 /WX- /Od /Oy- /D _DEBUG=1 /D _MBCS /Gm- /EHsc /RTC1 /MTd /GS /Gy /fp:fast /Zc:wchar_t /Zc:forScope /Fo"obj\x32\Debug\BulletSoftBody\\" /Fd"..\..\bin\BulletSoftBody_vs2010_debug.pdb" /Gd /TP /analyze- /errorReport:prompt /MP ..\..\src\BulletSoftBody\btDefaultSoftBodySolver.cpp ..\..\src\BulletSoftBody\btSoftBody.cpp ..\..\src\BulletSoftBody\btSoftBodyConcaveCollisionAlgorithm.cpp ..\..\src\BulletSoftBody\btSoftBodyHelpers.cpp ..\..\src\BulletSoftBody\btSoftBodyRigidBodyCollisionConfiguration.cpp ..\..\src\BulletSoftBody\btSoftRigidCollisionAlgorithm.cpp ..\..\src\BulletSoftBody\btSoftRigidDynamicsWorld.cpp ..\..\src\BulletSoftBody\btSoftSoftCollisionAlgorithm.cpp
         btDefaultSoftBodySolver.cpp
         btSoftBody.cpp
         btSoftBodyConcaveCollisionAlgorithm.cpp
         btSoftBodyHelpers.cpp
     1>..\..\src\BulletSoftBody\btSoftBody.cpp : warning C4819: The file contains a character that cannot be represented in the current code page (950). Save the file in Unicode format to prevent data loss
         btSoftBodyRigidBodyCollisionConfiguration.cpp
         btSoftRigidCollisionAlgorithm.cpp
         btSoftRigidDynamicsWorld.cpp
         btSoftSoftCollisionAlgorithm.cpp
     1>..\..\src\BulletSoftBody\btSoftBodyHelpers.cpp(444): warning C4996: 'sprintf': This function or variable may be unsafe. Consider using sprintf_s instead. To disable deprecation, use _CRT_SECURE_NO_WARNINGS. See online help for details.
                 C:\Program Files (x86)\Microsoft Visual Studio 12.0\VC\include\stdio.h(356) : see declaration of 'sprintf'
     1>..\..\src\BulletSoftBody\btSoftBodyHelpers.cpp(445): warning C4996: 'strcat': This function or variable may be unsafe. Consider using strcat_s instead. To disable deprecation, use _CRT_SECURE_NO_WARNINGS. See online help for details.
                 C:\Program Files (x86)\Microsoft Visual Studio 12.0\VC\include\string.h(118) : see declaration of 'strcat'
     1>..\..\src\BulletSoftBody\btSoftBodyHelpers.cpp(449): warning C4996: 'sprintf': This function or variable may be unsafe. Consider using sprintf_s instead. To disable deprecation, use _CRT_SECURE_NO_WARNINGS. See online help for details.
                 C:\Program Files (x86)\Microsoft Visual Studio 12.0\VC\include\stdio.h(356) : see declaration of 'sprintf'
     1>..\..\src\BulletSoftBody\btSoftBodyHelpers.cpp(450): warning C4996: 'strcat': This function or variable may be unsafe. Consider using strcat_s instead. To disable deprecation, use _CRT_SECURE_NO_WARNINGS. See online help for details.
                 C:\Program Files (x86)\Microsoft Visual Studio 12.0\VC\include\string.h(118) : see declaration of 'strcat'
     1>..\..\src\BulletSoftBody\btSoftBodyHelpers.cpp(555): warning C4316: 'btSoftBody::Link' : object allocated on the heap may not be aligned 16
     1>..\..\src\BulletSoftBody\btSoftBodyHelpers.cpp(1128): warning C4996: 'sscanf': This function or variable may be unsafe. Consider using sscanf_s instead. To disable deprecation, use _CRT_SECURE_NO_WARNINGS. See online help for details.
                 C:\Program Files (x86)\Microsoft Visual Studio 12.0\VC\include\stdio.h(304) : see declaration of 'sscanf'
     1>..\..\src\BulletSoftBody\btSoftBodyHelpers.cpp(1129): warning C4996: 'sscanf': This function or variable may be unsafe. Consider using sscanf_s instead. To disable deprecation, use _CRT_SECURE_NO_WARNINGS. See online help for details.
                 C:\Program Files (x86)\Microsoft Visual Studio 12.0\VC\include\stdio.h(304) : see declaration of 'sscanf'
     1>..\..\src\BulletSoftBody\btSoftBodyHelpers.cpp(1138): warning C4996: 'sscanf': This function or variable may be unsafe. Consider using sscanf_s instead. To disable deprecation, use _CRT_SECURE_NO_WARNINGS. See online help for details.
                 C:\Program Files (x86)\Microsoft Visual Studio 12.0\VC\include\stdio.h(304) : see declaration of 'sscanf'
     1>..\..\src\BulletSoftBody\btSoftBodyHelpers.cpp(1184): warning C4996: 'sscanf': This function or variable may be unsafe. Consider using sscanf_s instead. To disable deprecation, use _CRT_SECURE_NO_WARNINGS. See online help for details.
                 C:\Program Files (x86)\Microsoft Visual Studio 12.0\VC\include\stdio.h(304) : see declaration of 'sscanf'
     1>..\..\src\BulletSoftBody\btSoftBodyHelpers.cpp(1195): warning C4996: 'sscanf': This function or variable may be unsafe. Consider using sscanf_s instead. To disable deprecation, use _CRT_SECURE_NO_WARNINGS. See online help for details.
                 C:\Program Files (x86)\Microsoft Visual Studio 12.0\VC\include\stdio.h(304) : see declaration of 'sscanf'
       Lib:
         C:\Program Files (x86)\Microsoft Visual Studio 12.0\VC\bin\Lib.exe /OUT:"..\..\bin\BulletSoftBody_vs2010_debug.lib" /NOLOGO /MACHINE:X86 obj\x32\Debug\BulletSoftBody\btDefaultSoftBodySolver.obj
         obj\x32\Debug\BulletSoftBody\btSoftBody.obj
         obj\x32\Debug\BulletSoftBody\btSoftBodyConcaveCollisionAlgorithm.obj
         obj\x32\Debug\BulletSoftBody\btSoftBodyHelpers.obj
         obj\x32\Debug\BulletSoftBody\btSoftBodyRigidBodyCollisionConfiguration.obj
         obj\x32\Debug\BulletSoftBody\btSoftRigidCollisionAlgorithm.obj
         obj\x32\Debug\BulletSoftBody\btSoftRigidDynamicsWorld.obj
         obj\x32\Debug\BulletSoftBody\btSoftSoftCollisionAlgorithm.obj
         BulletSoftBody.vcxproj -> C:\Users\Gabriel\Desktop\bullet3-master\build3\vs2010\..\..\bin\BulletSoftBody_vs2010_debug.lib
     1>Done Building Project "C:\Users\Gabriel\Desktop\bullet3-master\build3\vs2010\BulletSoftBody.vcxproj" (Build target(s)).

Build succeeded.

Time Elapsed 00:00:11.05
