Build started 14/9/2015 16:17:38.
     1>Project "C:\Users\Gabriel\Desktop\bullet3-master\src\Bullet3Serialize\Bullet2FileLoader\Bullet2FileLoader.vcxproj" on node 7 (Build target(s)).
     1>CustomBuild:
         Building Custom Rule C:/Users/Gabriel/Desktop/bullet3-master/src/Bullet3Serialize/Bullet2FileLoader/CMakeLists.txt
         CMake does not need to re-run because C:\Users\Gabriel\Desktop\bullet3-master\src\Bullet3Serialize\Bullet2FileLoader\CMakeFiles\generate.stamp is up-to-date.
       ClCompile:
         C:\Program Files (x86)\Microsoft Visual Studio 12.0\VC\bin\CL.exe /c /I"C:\Users\Gabriel\Desktop\bullet3-master\src" /nologo /W3 /WX- /O2 /Ob2 /Oy- /D WIN32 /D NDEBUG /D USE_GRAPHICAL_BENCHMARK /D _CRT_SECURE_NO_WARNINGS /D _CRT_SECURE_NO_DEPRECATE /D _SCL_SECURE_NO_WARNINGS /D "CMAKE_INTDIR=\"Release\"" /D _MBCS /Gm- /EHsc /MT /GS /arch:SSE /fp:fast /Zc:wchar_t /Zc:forScope /GR /Fo"Bullet2FileLoader.dir\Release\\" /Fd"Bullet2FileLoader.dir\Release\vc120.pdb" /Gd /TP /analyze- /errorReport:prompt "C:\Users\Gabriel\Desktop\bullet3-master\src\Bullet3Serialize\Bullet2FileLoader\b3BulletFile.cpp" "C:\Users\Gabriel\Desktop\bullet3-master\src\Bullet3Serialize\Bullet2FileLoader\b3Chunk.cpp" "C:\Users\Gabriel\Desktop\bullet3-master\src\Bullet3Serialize\Bullet2FileLoader\b3DNA.cpp" "C:\Users\Gabriel\Desktop\bullet3-master\src\Bullet3Serialize\Bullet2FileLoader\b3File.cpp" "C:\Users\Gabriel\Desktop\bullet3-master\src\Bullet3Serialize\Bullet2FileLoader\b3Serializer.cpp"
         b3BulletFile.cpp
         b3Chunk.cpp
         b3DNA.cpp
         b3File.cpp
         b3Serializer.cpp
         Generating Code...
       Lib:
         C:\Program Files (x86)\Microsoft Visual Studio 12.0\VC\bin\Lib.exe /OUT:"C:\Users\Gabriel\Desktop\bullet3-master\lib\Release\Bullet2FileLoader.lib" /NOLOGO Bullet2FileLoader.dir\Release\b3BulletFile.obj
         Bullet2FileLoader.dir\Release\b3Chunk.obj
         Bullet2FileLoader.dir\Release\b3DNA.obj
         Bullet2FileLoader.dir\Release\b3File.obj
         Bullet2FileLoader.dir\Release\b3Serializer.obj
         Bullet2FileLoader.vcxproj -> C:\Users\Gabriel\Desktop\bullet3-master\lib\Release\Bullet2FileLoader.lib
     1>Done Building Project "C:\Users\Gabriel\Desktop\bullet3-master\src\Bullet3Serialize\Bullet2FileLoader\Bullet2FileLoader.vcxproj" (Build target(s)).

Build succeeded.

Time Elapsed 00:00:03.90
