Build started 14/9/2015 16:17:38.
     1>Project "C:\Users\Gabriel\Desktop\bullet3-master\src\BulletDynamics\BulletDynamics.vcxproj" on node 6 (Build target(s)).
     1>CustomBuild:
         Building Custom Rule C:/Users/Gabriel/Desktop/bullet3-master/src/BulletDynamics/CMakeLists.txt
         CMake does not need to re-run because C:\Users\Gabriel\Desktop\bullet3-master\src\BulletDynamics\CMakeFiles\generate.stamp is up-to-date.
       ClCompile:
         C:\Program Files (x86)\Microsoft Visual Studio 12.0\VC\bin\CL.exe /c /I"C:\Users\Gabriel\Desktop\bullet3-master\src" /nologo /W3 /WX- /O2 /Ob2 /Oy- /D WIN32 /D NDEBUG /D USE_GRAPHICAL_BENCHMARK /D _CRT_SECURE_NO_WARNINGS /D _CRT_SECURE_NO_DEPRECATE /D _SCL_SECURE_NO_WARNINGS /D "CMAKE_INTDIR=\"Release\"" /D _MBCS /Gm- /EHsc /MT /GS /arch:SSE /fp:fast /Zc:wchar_t /Zc:forScope /GR /Fo"BulletDynamics.dir\Release\\" /Fd"BulletDynamics.dir\Release\vc120.pdb" /Gd /TP /analyze- /errorReport:prompt "C:\Users\Gabriel\Desktop\bullet3-master\src\BulletDynamics\Character\btKinematicCharacterController.cpp" "C:\Users\Gabriel\Desktop\bullet3-master\src\BulletDynamics\ConstraintSolver\btConeTwistConstraint.cpp" "C:\Users\Gabriel\Desktop\bullet3-master\src\BulletDynamics\ConstraintSolver\btContactConstraint.cpp" "C:\Users\Gabriel\Desktop\bullet3-master\src\BulletDynamics\ConstraintSolver\btFixedConstraint.cpp" "C:\Users\Gabriel\Desktop\bullet3-master\src\BulletDynamics\ConstraintSolver\btGearConstraint.cpp" "C:\Users\Gabriel\Desktop\bullet3-master\src\BulletDynamics\ConstraintSolver\btGeneric6DofConstraint.cpp" "C:\Users\Gabriel\Desktop\bullet3-master\src\BulletDynamics\ConstraintSolver\btGeneric6DofSpringConstraint.cpp" "C:\Users\Gabriel\Desktop\bullet3-master\src\BulletDynamics\ConstraintSolver\btGeneric6DofSpring2Constraint.cpp" "C:\Users\Gabriel\Desktop\bullet3-master\src\BulletDynamics\ConstraintSolver\btHinge2Constraint.cpp" "C:\Users\Gabriel\Desktop\bullet3-master\src\BulletDynamics\ConstraintSolver\btHingeConstraint.cpp" "C:\Users\Gabriel\Desktop\bullet3-master\src\BulletDynamics\ConstraintSolver\btPoint2PointConstraint.cpp" "C:\Users\Gabriel\Desktop\bullet3-master\src\BulletDynamics\ConstraintSolver\btSequentialImpulseConstraintSolver.cpp" "C:\Users\Gabriel\Desktop\bullet3-master\src\BulletDynamics\ConstraintSolver\btNNCGConstraintSolver.cpp" "C:\Users\Gabriel\Desktop\bullet3-master\src\BulletDynamics\ConstraintSolver\btSliderConstraint.cpp" "C:\Users\Gabriel\Desktop\bullet3-master\src\BulletDynamics\ConstraintSolver\btSolve2LinearConstraint.cpp" "C:\Users\Gabriel\Desktop\bullet3-master\src\BulletDynamics\ConstraintSolver\btTypedConstraint.cpp" "C:\Users\Gabriel\Desktop\bullet3-master\src\BulletDynamics\ConstraintSolver\btUniversalConstraint.cpp" "C:\Users\Gabriel\Desktop\bullet3-master\src\BulletDynamics\Dynamics\btDiscreteDynamicsWorld.cpp" "C:\Users\Gabriel\Desktop\bullet3-master\src\BulletDynamics\Dynamics\btRigidBody.cpp" "C:\Users\Gabriel\Desktop\bullet3-master\src\BulletDynamics\Dynamics\btSimpleDynamicsWorld.cpp" "C:\Users\Gabriel\Desktop\bullet3-master\src\BulletDynamics\Vehicle\btRaycastVehicle.cpp" "C:\Users\Gabriel\Desktop\bullet3-master\src\BulletDynamics\Vehicle\btWheelInfo.cpp" "C:\Users\Gabriel\Desktop\bullet3-master\src\BulletDynamics\Featherstone\btMultiBody.cpp" "C:\Users\Gabriel\Desktop\bullet3-master\src\BulletDynamics\Featherstone\btMultiBodyConstraintSolver.cpp" "C:\Users\Gabriel\Desktop\bullet3-master\src\BulletDynamics\Featherstone\btMultiBodyDynamicsWorld.cpp" "C:\Users\Gabriel\Desktop\bullet3-master\src\BulletDynamics\Featherstone\btMultiBodyJointLimitConstraint.cpp" "C:\Users\Gabriel\Desktop\bullet3-master\src\BulletDynamics\Featherstone\btMultiBodyConstraint.cpp" "C:\Users\Gabriel\Desktop\bullet3-master\src\BulletDynamics\Featherstone\btMultiBodyPoint2Point.cpp" "C:\Users\Gabriel\Desktop\bullet3-master\src\BulletDynamics\Featherstone\btMultiBodyJointMotor.cpp" "C:\Users\Gabriel\Desktop\bullet3-master\src\BulletDynamics\MLCPSolvers\btDantzigLCP.cpp" "C:\Users\Gabriel\Desktop\bullet3-master\src\BulletDynamics\MLCPSolvers\btMLCPSolver.cpp" "C:\Users\Gabriel\Desktop\bullet3-master\src\BulletDynamics\MLCPSolvers\btLemkeAlgorithm.cpp"
         btKinematicCharacterController.cpp
         btConeTwistConstraint.cpp
         btContactConstraint.cpp
         btFixedConstraint.cpp
         btGearConstraint.cpp
         btGeneric6DofConstraint.cpp
         btGeneric6DofSpringConstraint.cpp
         btGeneric6DofSpring2Constraint.cpp
         btHinge2Constraint.cpp
         btHingeConstraint.cpp
         btPoint2PointConstraint.cpp
         btSequentialImpulseConstraintSolver.cpp
         btNNCGConstraintSolver.cpp
         btSliderConstraint.cpp
         btSolve2LinearConstraint.cpp
         btTypedConstraint.cpp
         btUniversalConstraint.cpp
         btDiscreteDynamicsWorld.cpp
         btRigidBody.cpp
         btSimpleDynamicsWorld.cpp
         Generating Code...
         Compiling...
         btRaycastVehicle.cpp
         btWheelInfo.cpp
         btMultiBody.cpp
         btMultiBodyConstraintSolver.cpp
         btMultiBodyDynamicsWorld.cpp
         btMultiBodyJointLimitConstraint.cpp
     1>C:\Users\Gabriel\Desktop\bullet3-master\src\BulletDynamics\Featherstone\btMultiBodyJointLimitConstraint.cpp(114): warning C4244: 'initializing' : conversion from 'int' to 'btScalar', possible loss of data
         btMultiBodyConstraint.cpp
         btMultiBodyPoint2Point.cpp
         btMultiBodyJointMotor.cpp
         btDantzigLCP.cpp
         btMLCPSolver.cpp
         btLemkeAlgorithm.cpp
     1>c:\users\gabriel\desktop\bullet3-master\src\bulletdynamics\mlcpsolvers\btLemkeAlgorithm.h : warning C4819: The file contains a character that cannot be represented in the current code page (950). Save the file in Unicode format to prevent data loss
         Generating Code...
       Lib:
         C:\Program Files (x86)\Microsoft Visual Studio 12.0\VC\bin\Lib.exe /OUT:"C:\Users\Gabriel\Desktop\bullet3-master\lib\Release\BulletDynamics.lib" /NOLOGO BulletDynamics.dir\Release\btKinematicCharacterController.obj
         BulletDynamics.dir\Release\btConeTwistConstraint.obj
         BulletDynamics.dir\Release\btContactConstraint.obj
         BulletDynamics.dir\Release\btFixedConstraint.obj
         BulletDynamics.dir\Release\btGearConstraint.obj
         BulletDynamics.dir\Release\btGeneric6DofConstraint.obj
         BulletDynamics.dir\Release\btGeneric6DofSpringConstraint.obj
         BulletDynamics.dir\Release\btGeneric6DofSpring2Constraint.obj
         BulletDynamics.dir\Release\btHinge2Constraint.obj
         BulletDynamics.dir\Release\btHingeConstraint.obj
         BulletDynamics.dir\Release\btPoint2PointConstraint.obj
         BulletDynamics.dir\Release\btSequentialImpulseConstraintSolver.obj
         BulletDynamics.dir\Release\btNNCGConstraintSolver.obj
         BulletDynamics.dir\Release\btSliderConstraint.obj
         BulletDynamics.dir\Release\btSolve2LinearConstraint.obj
         BulletDynamics.dir\Release\btTypedConstraint.obj
         BulletDynamics.dir\Release\btUniversalConstraint.obj
         BulletDynamics.dir\Release\btDiscreteDynamicsWorld.obj
         BulletDynamics.dir\Release\btRigidBody.obj
         BulletDynamics.dir\Release\btSimpleDynamicsWorld.obj
         BulletDynamics.dir\Release\btRaycastVehicle.obj
         BulletDynamics.dir\Release\btWheelInfo.obj
         BulletDynamics.dir\Release\btMultiBody.obj
         BulletDynamics.dir\Release\btMultiBodyConstraintSolver.obj
         BulletDynamics.dir\Release\btMultiBodyDynamicsWorld.obj
         BulletDynamics.dir\Release\btMultiBodyJointLimitConstraint.obj
         BulletDynamics.dir\Release\btMultiBodyConstraint.obj
         BulletDynamics.dir\Release\btMultiBodyPoint2Point.obj
         BulletDynamics.dir\Release\btMultiBodyJointMotor.obj
         BulletDynamics.dir\Release\btDantzigLCP.obj
         BulletDynamics.dir\Release\btMLCPSolver.obj
         BulletDynamics.dir\Release\btLemkeAlgorithm.obj
         BulletDynamics.vcxproj -> C:\Users\Gabriel\Desktop\bullet3-master\lib\Release\BulletDynamics.lib
     1>Done Building Project "C:\Users\Gabriel\Desktop\bullet3-master\src\BulletDynamics\BulletDynamics.vcxproj" (Build target(s)).

Build succeeded.

Time Elapsed 00:00:54.72
