Build started 14/9/2015 16:17:38.
     1>Project "C:\Users\Gabriel\Desktop\bullet3-master\src\BulletSoftBody\BulletSoftBody.vcxproj" on node 9 (Build target(s)).
     1>CustomBuild:
         Building Custom Rule C:/Users/Gabriel/Desktop/bullet3-master/src/BulletSoftBody/CMakeLists.txt
         CMake does not need to re-run because C:\Users\Gabriel\Desktop\bullet3-master\src\BulletSoftBody\CMakeFiles\generate.stamp is up-to-date.
       ClCompile:
         C:\Program Files (x86)\Microsoft Visual Studio 12.0\VC\bin\CL.exe /c /I"C:\Users\Gabriel\Desktop\bullet3-master\src" /nologo /W3 /WX- /O2 /Ob2 /Oy- /D WIN32 /D NDEBUG /D USE_GRAPHICAL_BENCHMARK /D _CRT_SECURE_NO_WARNINGS /D _CRT_SECURE_NO_DEPRECATE /D _SCL_SECURE_NO_WARNINGS /D "CMAKE_INTDIR=\"Release\"" /D _MBCS /Gm- /EHsc /MT /GS /arch:SSE /fp:fast /Zc:wchar_t /Zc:forScope /GR /Fo"BulletSoftBody.dir\Release\\" /Fd"BulletSoftBody.dir\Release\vc120.pdb" /Gd /TP /analyze- /errorReport:prompt "C:\Users\Gabriel\Desktop\bullet3-master\src\BulletSoftBody\btSoftBody.cpp" "C:\Users\Gabriel\Desktop\bullet3-master\src\BulletSoftBody\btSoftBodyConcaveCollisionAlgorithm.cpp" "C:\Users\Gabriel\Desktop\bullet3-master\src\BulletSoftBody\btSoftBodyHelpers.cpp" "C:\Users\Gabriel\Desktop\bullet3-master\src\BulletSoftBody\btSoftBodyRigidBodyCollisionConfiguration.cpp" "C:\Users\Gabriel\Desktop\bullet3-master\src\BulletSoftBody\btSoftRigidCollisionAlgorithm.cpp" "C:\Users\Gabriel\Desktop\bullet3-master\src\BulletSoftBody\btSoftRigidDynamicsWorld.cpp" "C:\Users\Gabriel\Desktop\bullet3-master\src\BulletSoftBody\btSoftSoftCollisionAlgorithm.cpp" "C:\Users\Gabriel\Desktop\bullet3-master\src\BulletSoftBody\btDefaultSoftBodySolver.cpp"
         btSoftBody.cpp
     1>C:\Users\Gabriel\Desktop\bullet3-master\src\BulletSoftBody\btSoftBody.cpp : warning C4819: The file contains a character that cannot be represented in the current code page (950). Save the file in Unicode format to prevent data loss
         btSoftBodyConcaveCollisionAlgorithm.cpp
         btSoftBodyHelpers.cpp
     1>C:\Users\Gabriel\Desktop\bullet3-master\src\BulletSoftBody\btSoftBodyHelpers.cpp(555): warning C4316: 'btSoftBody::Link' : object allocated on the heap may not be aligned 16
         btSoftBodyRigidBodyCollisionConfiguration.cpp
         btSoftRigidCollisionAlgorithm.cpp
         btSoftRigidDynamicsWorld.cpp
         btSoftSoftCollisionAlgorithm.cpp
         btDefaultSoftBodySolver.cpp
         Generating Code...
       Lib:
         C:\Program Files (x86)\Microsoft Visual Studio 12.0\VC\bin\Lib.exe /OUT:"C:\Users\Gabriel\Desktop\bullet3-master\lib\Release\BulletSoftBody.lib" /NOLOGO BulletSoftBody.dir\Release\btSoftBody.obj
         BulletSoftBody.dir\Release\btSoftBodyConcaveCollisionAlgorithm.obj
         BulletSoftBody.dir\Release\btSoftBodyHelpers.obj
         BulletSoftBody.dir\Release\btSoftBodyRigidBodyCollisionConfiguration.obj
         BulletSoftBody.dir\Release\btSoftRigidCollisionAlgorithm.obj
         BulletSoftBody.dir\Release\btSoftRigidDynamicsWorld.obj
         BulletSoftBody.dir\Release\btSoftSoftCollisionAlgorithm.obj
         BulletSoftBody.dir\Release\btDefaultSoftBodySolver.obj
         BulletSoftBody.vcxproj -> C:\Users\Gabriel\Desktop\bullet3-master\lib\Release\BulletSoftBody.lib
     1>Done Building Project "C:\Users\Gabriel\Desktop\bullet3-master\src\BulletSoftBody\BulletSoftBody.vcxproj" (Build target(s)).

Build succeeded.

Time Elapsed 00:00:15.45
