Build started 14/9/2015 16:17:48.
     1>Project "C:\Users\Gabriel\Desktop\bullet3-master\src\Bullet3OpenCL\Bullet3OpenCL_clew.vcxproj" on node 6 (Build target(s)).
     1>CustomBuild:
         Building Custom Rule C:/Users/Gabriel/Desktop/bullet3-master/src/Bullet3OpenCL/CMakeLists.txt
         CMake does not need to re-run because C:\Users\Gabriel\Desktop\bullet3-master\src\Bullet3OpenCL\CMakeFiles\generate.stamp is up-to-date.
       ClCompile:
         C:\Program Files (x86)\Microsoft Visual Studio 12.0\VC\bin\CL.exe /c /I"C:\Users\Gabriel\Desktop\bullet3-master\src" /nologo /W3 /WX- /O2 /Ob2 /Oy- /D WIN32 /D NDEBUG /D USE_GRAPHICAL_BENCHMARK /D _CRT_SECURE_NO_WARNINGS /D _CRT_SECURE_NO_DEPRECATE /D _SCL_SECURE_NO_WARNINGS /D B3_USE_CLEW /D "CMAKE_INTDIR=\"Release\"" /D _MBCS /Gm- /EHsc /MT /GS /arch:SSE /fp:fast /Zc:wchar_t /Zc:forScope /GR /Fo"Bullet3OpenCL_clew.dir\Release\\" /Fd"Bullet3OpenCL_clew.dir\Release\vc120.pdb" /Gd /TC /analyze- /errorReport:prompt "C:\Users\Gabriel\Desktop\bullet3-master\src\clew\clew.c"
         clew.c
         C:\Program Files (x86)\Microsoft Visual Studio 12.0\VC\bin\CL.exe /c /I"C:\Users\Gabriel\Desktop\bullet3-master\src" /nologo /W3 /WX- /O2 /Ob2 /Oy- /D WIN32 /D NDEBUG /D USE_GRAPHICAL_BENCHMARK /D _CRT_SECURE_NO_WARNINGS /D _CRT_SECURE_NO_DEPRECATE /D _SCL_SECURE_NO_WARNINGS /D B3_USE_CLEW /D "CMAKE_INTDIR=\"Release\"" /D _MBCS /Gm- /EHsc /MT /GS /arch:SSE /fp:fast /Zc:wchar_t /Zc:forScope /GR /Fo"Bullet3OpenCL_clew.dir\Release\\" /Fd"Bullet3OpenCL_clew.dir\Release\vc120.pdb" /Gd /TP /analyze- /errorReport:prompt "C:\Users\Gabriel\Desktop\bullet3-master\src\Bullet3OpenCL\BroadphaseCollision\b3GpuGridBroadphase.cpp" "C:\Users\Gabriel\Desktop\bullet3-master\src\Bullet3OpenCL\BroadphaseCollision\b3GpuSapBroadphase.cpp" "C:\Users\Gabriel\Desktop\bullet3-master\src\Bullet3OpenCL\BroadphaseCollision\b3GpuParallelLinearBvhBroadphase.cpp" "C:\Users\Gabriel\Desktop\bullet3-master\src\Bullet3OpenCL\BroadphaseCollision\b3GpuParallelLinearBvh.cpp" "C:\Users\Gabriel\Desktop\bullet3-master\src\Bullet3OpenCL\Initialize\b3OpenCLUtils.cpp" "C:\Users\Gabriel\Desktop\bullet3-master\src\Bullet3OpenCL\NarrowphaseCollision\b3ContactCache.cpp" "C:\Users\Gabriel\Desktop\bullet3-master\src\Bullet3OpenCL\NarrowphaseCollision\b3ConvexHullContact.cpp" "C:\Users\Gabriel\Desktop\bullet3-master\src\Bullet3OpenCL\NarrowphaseCollision\b3GjkEpa.cpp" "C:\Users\Gabriel\Desktop\bullet3-master\src\Bullet3OpenCL\NarrowphaseCollision\b3GjkPairDetector.cpp" "C:\Users\Gabriel\Desktop\bullet3-master\src\Bullet3OpenCL\NarrowphaseCollision\b3OptimizedBvh.cpp" "C:\Users\Gabriel\Desktop\bullet3-master\src\Bullet3OpenCL\NarrowphaseCollision\b3QuantizedBvh.cpp" "C:\Users\Gabriel\Desktop\bullet3-master\src\Bullet3OpenCL\NarrowphaseCollision\b3StridingMeshInterface.cpp" "C:\Users\Gabriel\Desktop\bullet3-master\src\Bullet3OpenCL\NarrowphaseCollision\b3TriangleCallback.cpp" "C:\Users\Gabriel\Desktop\bullet3-master\src\Bullet3OpenCL\NarrowphaseCollision\b3TriangleIndexVertexArray.cpp" "C:\Users\Gabriel\Desktop\bullet3-master\src\Bullet3OpenCL\NarrowphaseCollision\b3VoronoiSimplexSolver.cpp" "C:\Users\Gabriel\Desktop\bullet3-master\src\Bullet3OpenCL\ParallelPrimitives\b3BoundSearchCL.cpp" "C:\Users\Gabriel\Desktop\bullet3-master\src\Bullet3OpenCL\ParallelPrimitives\b3FillCL.cpp" "C:\Users\Gabriel\Desktop\bullet3-master\src\Bullet3OpenCL\ParallelPrimitives\b3LauncherCL.cpp" "C:\Users\Gabriel\Desktop\bullet3-master\src\Bullet3OpenCL\ParallelPrimitives\b3PrefixScanCL.cpp" "C:\Users\Gabriel\Desktop\bullet3-master\src\Bullet3OpenCL\ParallelPrimitives\b3PrefixScanFloat4CL.cpp" "C:\Users\Gabriel\Desktop\bullet3-master\src\Bullet3OpenCL\ParallelPrimitives\b3RadixSort32CL.cpp" "C:\Users\Gabriel\Desktop\bullet3-master\src\Bullet3OpenCL\Raycast\b3GpuRaycast.cpp" "C:\Users\Gabriel\Desktop\bullet3-master\src\Bullet3OpenCL\RigidBody\b3GpuGenericConstraint.cpp" "C:\Users\Gabriel\Desktop\bullet3-master\src\Bullet3OpenCL\RigidBody\b3GpuJacobiContactSolver.cpp" "C:\Users\Gabriel\Desktop\bullet3-master\src\Bullet3OpenCL\RigidBody\b3GpuNarrowPhase.cpp" "C:\Users\Gabriel\Desktop\bullet3-master\src\Bullet3OpenCL\RigidBody\b3GpuPgsConstraintSolver.cpp" "C:\Users\Gabriel\Desktop\bullet3-master\src\Bullet3OpenCL\RigidBody\b3GpuPgsContactSolver.cpp" "C:\Users\Gabriel\Desktop\bullet3-master\src\Bullet3OpenCL\RigidBody\b3GpuRigidBodyPipeline.cpp" "C:\Users\Gabriel\Desktop\bullet3-master\src\Bullet3OpenCL\RigidBody\b3Solver.cpp"
         b3GpuGridBroadphase.cpp
     1>C:\Users\Gabriel\Desktop\bullet3-master\src\Bullet3OpenCL\BroadphaseCollision\b3GpuGridBroadphase.cpp(282): warning C4018: '<' : signed/unsigned mismatch
         b3GpuSapBroadphase.cpp
         b3GpuParallelLinearBvhBroadphase.cpp
         b3GpuParallelLinearBvh.cpp
         b3OpenCLUtils.cpp
         b3ContactCache.cpp
         b3ConvexHullContact.cpp
     1>C:\Users\Gabriel\Desktop\bullet3-master\src\Bullet3Collision/NarrowPhaseCollision/shared/b3NewContactReduction.h(155): warning C4244: '=' : conversion from 'float' to 'unsigned short', possible loss of data
     1>C:\Users\Gabriel\Desktop\bullet3-master\src\Bullet3Collision/NarrowPhaseCollision/shared/b3NewContactReduction.h(182): warning C4244: '=' : conversion from 'int' to 'float', possible loss of data
     1>C:\Users\Gabriel\Desktop\bullet3-master\src\Bullet3OpenCL\NarrowphaseCollision\b3ConvexHullContact.cpp(695): warning C4101: 'edgeBend' : unreferenced local variable
     1>C:\Users\Gabriel\Desktop\bullet3-master\src\Bullet3OpenCL\NarrowphaseCollision\b3ConvexHullContact.cpp(695): warning C4101: 'edgeAend' : unreferenced local variable
     1>C:\Users\Gabriel\Desktop\bullet3-master\src\Bullet3OpenCL\NarrowphaseCollision\b3ConvexHullContact.cpp(695): warning C4101: 'edgeAstart' : unreferenced local variable
     1>C:\Users\Gabriel\Desktop\bullet3-master\src\Bullet3OpenCL\NarrowphaseCollision\b3ConvexHullContact.cpp(695): warning C4101: 'edgeBstart' : unreferenced local variable
     1>C:\Users\Gabriel\Desktop\bullet3-master\src\Bullet3OpenCL\NarrowphaseCollision\b3ConvexHullContact.cpp(1295): warning C4101: 'centerOut' : unreferenced local variable
     1>C:\Users\Gabriel\Desktop\bullet3-master\src\Bullet3OpenCL\NarrowphaseCollision\b3ConvexHullContact.cpp(2106): warning C4244: '=' : conversion from 'float' to 'unsigned short', possible loss of data
     1>C:\Users\Gabriel\Desktop\bullet3-master\src\Bullet3OpenCL\NarrowphaseCollision\b3ConvexHullContact.cpp(2781): warning C4101: 'contactsOut' : unreferenced local variable
         b3GjkEpa.cpp
         b3GjkPairDetector.cpp
         b3OptimizedBvh.cpp
         b3QuantizedBvh.cpp
     1>C:\Users\Gabriel\Desktop\bullet3-master\src\Bullet3OpenCL\NarrowphaseCollision\b3QuantizedBvh.cpp(622): warning C4101: 'normal' : unreferenced local variable
         b3StridingMeshInterface.cpp
         b3TriangleCallback.cpp
         b3TriangleIndexVertexArray.cpp
         b3VoronoiSimplexSolver.cpp
         b3BoundSearchCL.cpp
         b3FillCL.cpp
         b3LauncherCL.cpp
         b3PrefixScanCL.cpp
         b3PrefixScanFloat4CL.cpp
         Generating Code...
         Compiling...
         b3RadixSort32CL.cpp
         b3GpuRaycast.cpp
     1>C:\Users\Gabriel\Desktop\bullet3-master\src\Bullet3OpenCL\Raycast\b3GpuRaycast.cpp(314): warning C4018: '>' : signed/unsigned mismatch
         b3GpuGenericConstraint.cpp
         b3GpuJacobiContactSolver.cpp
     1>C:\Users\Gabriel\Desktop\bullet3-master\src\Bullet3OpenCL\RigidBody\b3GpuJacobiContactSolver.cpp(565): warning C4018: '<' : signed/unsigned mismatch
         b3GpuNarrowPhase.cpp
         b3GpuPgsConstraintSolver.cpp
         b3GpuPgsContactSolver.cpp
         b3GpuRigidBodyPipeline.cpp
     1>C:\Users\Gabriel\Desktop\bullet3-master\src\Bullet3OpenCL\RigidBody\b3GpuRigidBodyPipeline.cpp(68): warning C4316: 'b3GpuRigidBodyPipelineInternalData' : object allocated on the heap may not be aligned 16
         b3Solver.cpp
         Generating Code...
       Lib:
         C:\Program Files (x86)\Microsoft Visual Studio 12.0\VC\bin\Lib.exe /OUT:"C:\Users\Gabriel\Desktop\bullet3-master\lib\Release\Bullet3OpenCL_clew.lib" /NOLOGO Bullet3OpenCL_clew.dir\Release\clew.obj
         Bullet3OpenCL_clew.dir\Release\b3GpuGridBroadphase.obj
         Bullet3OpenCL_clew.dir\Release\b3GpuSapBroadphase.obj
         Bullet3OpenCL_clew.dir\Release\b3GpuParallelLinearBvhBroadphase.obj
         Bullet3OpenCL_clew.dir\Release\b3GpuParallelLinearBvh.obj
         Bullet3OpenCL_clew.dir\Release\b3OpenCLUtils.obj
         Bullet3OpenCL_clew.dir\Release\b3ContactCache.obj
         Bullet3OpenCL_clew.dir\Release\b3ConvexHullContact.obj
         Bullet3OpenCL_clew.dir\Release\b3GjkEpa.obj
         Bullet3OpenCL_clew.dir\Release\b3GjkPairDetector.obj
         Bullet3OpenCL_clew.dir\Release\b3OptimizedBvh.obj
         Bullet3OpenCL_clew.dir\Release\b3QuantizedBvh.obj
         Bullet3OpenCL_clew.dir\Release\b3StridingMeshInterface.obj
         Bullet3OpenCL_clew.dir\Release\b3TriangleCallback.obj
         Bullet3OpenCL_clew.dir\Release\b3TriangleIndexVertexArray.obj
         Bullet3OpenCL_clew.dir\Release\b3VoronoiSimplexSolver.obj
         Bullet3OpenCL_clew.dir\Release\b3BoundSearchCL.obj
         Bullet3OpenCL_clew.dir\Release\b3FillCL.obj
         Bullet3OpenCL_clew.dir\Release\b3LauncherCL.obj
         Bullet3OpenCL_clew.dir\Release\b3PrefixScanCL.obj
         Bullet3OpenCL_clew.dir\Release\b3PrefixScanFloat4CL.obj
         Bullet3OpenCL_clew.dir\Release\b3RadixSort32CL.obj
         Bullet3OpenCL_clew.dir\Release\b3GpuRaycast.obj
         Bullet3OpenCL_clew.dir\Release\b3GpuGenericConstraint.obj
         Bullet3OpenCL_clew.dir\Release\b3GpuJacobiContactSolver.obj
         Bullet3OpenCL_clew.dir\Release\b3GpuNarrowPhase.obj
         Bullet3OpenCL_clew.dir\Release\b3GpuPgsConstraintSolver.obj
         Bullet3OpenCL_clew.dir\Release\b3GpuPgsContactSolver.obj
         Bullet3OpenCL_clew.dir\Release\b3GpuRigidBodyPipeline.obj
         Bullet3OpenCL_clew.dir\Release\b3Solver.obj
         Bullet3OpenCL_clew.vcxproj -> C:\Users\Gabriel\Desktop\bullet3-master\lib\Release\Bullet3OpenCL_clew.lib
     1>Done Building Project "C:\Users\Gabriel\Desktop\bullet3-master\src\Bullet3OpenCL\Bullet3OpenCL_clew.vcxproj" (Build target(s)).

Build succeeded.

Time Elapsed 00:00:32.40
