Build started 8/9/2015 23:11:00.
     1>Project "C:\Users\Gabriel\Desktop\bullet3-master\build3\vs2010\App_SharedMemoryPhysics.vcxproj" on node 5 (Build target(s)).
     1>ClCompile:
         C:\Program Files (x86)\Microsoft Visual Studio 12.0\VC\bin\CL.exe /c /I..\..\examples\SharedMemory /I..\..\src /I..\..\examples\ThirdPartyLibs /Zi /nologo /W3 /WX- /Od /Oy- /D _DEBUG=1 /D _MBCS /Gm- /EHsc /RTC1 /MTd /GS /Gy /fp:fast /Zc:wchar_t /Zc:forScope /Fo"obj\x32\Debug\App_SharedMemoryPhysics\\" /Fd"..\..\bin\App_SharedMemoryPhysics_vs2010_debug.pdb" /Gd /TP /analyze- /errorReport:prompt /MP ..\..\examples\SharedMemory\main.cpp ..\..\examples\SharedMemory\PhysicsClient.cpp ..\..\examples\SharedMemory\PhysicsClientC_API.cpp ..\..\examples\SharedMemory\PhysicsClientExample.cpp ..\..\examples\SharedMemory\PhysicsServer.cpp ..\..\examples\SharedMemory\PhysicsServerExample.cpp ..\..\examples\SharedMemory\PosixSharedMemory.cpp ..\..\examples\SharedMemory\RobotControlExample.cpp ..\..\examples\SharedMemory\Win32SharedMemory.cpp ..\..\examples\Importers\ImportURDFDemo\MyMultiBodyCreator.cpp ..\..\examples\Importers\ImportURDFDemo\BulletUrdfImporter.cpp ..\..\examples\Importers\ImportURDFDemo\UrdfParser.cpp ..\..\examples\Importers\ImportURDFDemo\urdfStringSplit.cpp ..\..\examples\Importers\ImportURDFDemo\URDF2Bullet.cpp ..\..\examples\Utils\b3ResourcePath.cpp ..\..\examples\Utils\b3Clock.cpp ..\..\Extras\Serialize\BulletWorldImporter\btBulletWorldImporter.cpp ..\..\Extras\Serialize\BulletWorldImporter\btWorldImporter.cpp ..\..\Extras\Serialize\BulletFileLoader\bChunk.cpp ..\..\Extras\Serialize\BulletFileLoader\bDNA.cpp ..\..\Extras\Serialize\BulletFileLoader\bFile.cpp ..\..\Extras\Serialize\BulletFileLoader\btBulletFile.cpp ..\..\examples\Importers\ImportObjDemo\Wavefront2GLInstanceGraphicsShape.cpp ..\..\examples\Importers\ImportObjDemo\LoadMeshFromObj.cpp ..\..\examples\Importers\ImportColladaDemo\LoadMeshFromCollada.cpp ..\..\examples\ThirdPartyLibs\Wavefront\tiny_obj_loader.cpp ..\..\examples\ThirdPartyLibs\urdf\urdfdom\urdf_parser\src\pose.cpp ..\..\examples\ThirdPartyLibs\urdf\urdfdom\urdf_parser\src\model.cpp ..\..\examples\ThirdPartyLibs\urdf\urdfdom\urdf_parser\src\link.cpp ..\..\examples\ThirdPartyLibs\urdf\urdfdom\urdf_parser\src\joint.cpp ..\..\examples\ThirdPartyLibs\tinyxml\tinystr.cpp ..\..\examples\ThirdPartyLibs\tinyxml\tinyxml.cpp ..\..\examples\ThirdPartyLibs\tinyxml\tinyxmlerror.cpp ..\..\examples\ThirdPartyLibs\tinyxml\tinyxmlparser.cpp ..\..\examples\ThirdPartyLibs\urdf\boost_replacement\printf_console.cpp ..\..\examples\ThirdPartyLibs\urdf\boost_replacement\string_split.cpp
         main.cpp
         PhysicsClient.cpp
         PhysicsClientC_API.cpp
         PhysicsClientExample.cpp
         PhysicsServer.cpp
         PhysicsServerExample.cpp
         PosixSharedMemory.cpp
         RobotControlExample.cpp
     1>..\..\examples\SharedMemory\PhysicsClientC_API.cpp(13): warning C4996: 'strcpy': This function or variable may be unsafe. Consider using strcpy_s instead. To disable deprecation, use _CRT_SECURE_NO_WARNINGS. See online help for details.
                 C:\Program Files (x86)\Microsoft Visual Studio 12.0\VC\include\string.h(112) : see declaration of 'strcpy'
         Win32SharedMemory.cpp
         MyMultiBodyCreator.cpp
         BulletUrdfImporter.cpp
     1>C:\Users\Gabriel\Desktop\bullet3-master\src\Bullet3Common/b3CommandLineArgs.h(97): warning C4996: 'strcpy': This function or variable may be unsafe. Consider using strcpy_s instead. To disable deprecation, use _CRT_SECURE_NO_WARNINGS. See online help for details. (..\..\examples\SharedMemory\main.cpp)
                 C:\Program Files (x86)\Microsoft Visual Studio 12.0\VC\include\string.h(112) : see declaration of 'strcpy'
     1>..\..\examples\SharedMemory\PhysicsClient.cpp(380): warning C4996: 'sprintf': This function or variable may be unsafe. Consider using sprintf_s instead. To disable deprecation, use _CRT_SECURE_NO_WARNINGS. See online help for details.
                 C:\Program Files (x86)\Microsoft Visual Studio 12.0\VC\include\stdio.h(356) : see declaration of 'sprintf'
     1>..\..\examples\SharedMemory\PhysicsClient.cpp(386): warning C4996: 'sprintf': This function or variable may be unsafe. Consider using sprintf_s instead. To disable deprecation, use _CRT_SECURE_NO_WARNINGS. See online help for details.
                 C:\Program Files (x86)\Microsoft Visual Studio 12.0\VC\include\stdio.h(356) : see declaration of 'sprintf'
     1>..\..\examples\SharedMemory\PhysicsClient.cpp(389): warning C4996: 'sprintf': This function or variable may be unsafe. Consider using sprintf_s instead. To disable deprecation, use _CRT_SECURE_NO_WARNINGS. See online help for details.
                 C:\Program Files (x86)\Microsoft Visual Studio 12.0\VC\include\stdio.h(356) : see declaration of 'sprintf'
     1>..\..\examples\SharedMemory\PhysicsClient.cpp(392): warning C4996: 'sprintf': This function or variable may be unsafe. Consider using sprintf_s instead. To disable deprecation, use _CRT_SECURE_NO_WARNINGS. See online help for details.
                 C:\Program Files (x86)\Microsoft Visual Studio 12.0\VC\include\stdio.h(356) : see declaration of 'sprintf'
     1>..\..\examples\SharedMemory\PhysicsClient.cpp(400): warning C4996: 'sprintf': This function or variable may be unsafe. Consider using sprintf_s instead. To disable deprecation, use _CRT_SECURE_NO_WARNINGS. See online help for details.
                 C:\Program Files (x86)\Microsoft Visual Studio 12.0\VC\include\stdio.h(356) : see declaration of 'sprintf'
     1>..\..\examples\SharedMemory\PhysicsClient.cpp(406): warning C4996: 'sprintf': This function or variable may be unsafe. Consider using sprintf_s instead. To disable deprecation, use _CRT_SECURE_NO_WARNINGS. See online help for details.
                 C:\Program Files (x86)\Microsoft Visual Studio 12.0\VC\include\stdio.h(356) : see declaration of 'sprintf'
     1>..\..\examples\SharedMemory\PhysicsClient.cpp(409): warning C4996: 'sprintf': This function or variable may be unsafe. Consider using sprintf_s instead. To disable deprecation, use _CRT_SECURE_NO_WARNINGS. See online help for details.
                 C:\Program Files (x86)\Microsoft Visual Studio 12.0\VC\include\stdio.h(356) : see declaration of 'sprintf'
     1>..\..\examples\SharedMemory\PhysicsClient.cpp(412): warning C4996: 'sprintf': This function or variable may be unsafe. Consider using sprintf_s instead. To disable deprecation, use _CRT_SECURE_NO_WARNINGS. See online help for details.
                 C:\Program Files (x86)\Microsoft Visual Studio 12.0\VC\include\stdio.h(356) : see declaration of 'sprintf'
     1>c:\users\gabriel\desktop\bullet3-master\examples\sharedmemory\../CommonInterfaces/CommonMultiBodyBase.h(333): warning C4316: 'btMultiBodyPoint2Point' : object allocated on the heap may not be aligned 16 (..\..\examples\SharedMemory\PhysicsClientExample.cpp)
     1>..\..\examples\SharedMemory\PhysicsClientExample.cpp(105): warning C4244: 'argument' : conversion from 'int' to 'float', possible loss of data
     1>..\..\examples\SharedMemory\PhysicsClientExample.cpp(111): warning C4244: 'argument' : conversion from 'int' to 'float', possible loss of data
     1>..\..\examples\SharedMemory\PhysicsClientExample.cpp(165): warning C4996: 'sprintf': This function or variable may be unsafe. Consider using sprintf_s instead. To disable deprecation, use _CRT_SECURE_NO_WARNINGS. See online help for details.
                 C:\Program Files (x86)\Microsoft Visual Studio 12.0\VC\include\stdio.h(356) : see declaration of 'sprintf'
     1>c:\users\gabriel\desktop\bullet3-master\examples\sharedmemory\../CommonInterfaces/CommonMultiBodyBase.h(333): warning C4316: 'btMultiBodyPoint2Point' : object allocated on the heap may not be aligned 16 (..\..\examples\SharedMemory\PhysicsServerExample.cpp)
     1>..\..\examples\SharedMemory\PhysicsClientExample.cpp(348): warning C4996: 'sprintf': This function or variable may be unsafe. Consider using sprintf_s instead. To disable deprecation, use _CRT_SECURE_NO_WARNINGS. See online help for details.
                 C:\Program Files (x86)\Microsoft Visual Studio 12.0\VC\include\stdio.h(356) : see declaration of 'sprintf'
         UrdfParser.cpp
     1>c:\users\gabriel\desktop\bullet3-master\examples\sharedmemory\../CommonInterfaces/CommonMultiBodyBase.h(333): warning C4316: 'btMultiBodyPoint2Point' : object allocated on the heap may not be aligned 16 (..\..\examples\SharedMemory\RobotControlExample.cpp)
     1>..\..\examples\SharedMemory\PhysicsServer.cpp(151): warning C4316: 'PhysicsServerInternalData' : object allocated on the heap may not be aligned 16
     1>..\..\examples\Importers\ImportURDFDemo\MyMultiBodyCreator.cpp(64): warning C4316: 'GenericConstraintUserInfo' : object allocated on the heap may not be aligned 16
     1>..\..\examples\Importers\ImportURDFDemo\MyMultiBodyCreator.cpp(147): warning C4316: 'GenericConstraintUserInfo' : object allocated on the heap may not be aligned 16
     1>..\..\examples\Importers\ImportURDFDemo\MyMultiBodyCreator.cpp(171): warning C4316: 'GenericConstraintUserInfo' : object allocated on the heap may not be aligned 16
     1>..\..\examples\SharedMemory\PhysicsServer.cpp(657): warning C4244: '=' : conversion from 'const double' to 'btScalar', possible loss of data
     1>..\..\examples\SharedMemory\PhysicsServer.cpp(658): warning C4244: '=' : conversion from 'const double' to 'btScalar', possible loss of data
     1>..\..\examples\SharedMemory\PhysicsServer.cpp(659): warning C4244: '=' : conversion from 'const double' to 'btScalar', possible loss of data
     1>..\..\examples\SharedMemory\PhysicsServer.cpp(663): warning C4244: '=' : conversion from 'const double' to 'btScalar', possible loss of data
     1>..\..\examples\SharedMemory\PhysicsServer.cpp(664): warning C4244: '=' : conversion from 'const double' to 'btScalar', possible loss of data
     1>..\..\examples\SharedMemory\PhysicsServer.cpp(665): warning C4244: '=' : conversion from 'const double' to 'btScalar', possible loss of data
     1>..\..\examples\SharedMemory\PhysicsServer.cpp(666): warning C4244: '=' : conversion from 'const double' to 'btScalar', possible loss of data
     1>..\..\examples\SharedMemory\PhysicsServer.cpp(668): warning C4800: 'const int' : forcing value to bool 'true' or 'false' (performance warning)
     1>..\..\examples\SharedMemory\PhysicsServer.cpp(669): warning C4800: 'const int' : forcing value to bool 'true' or 'false' (performance warning)
     1>..\..\examples\SharedMemory\PhysicsServer.cpp(719): warning C4316: 'btMultiBodyJointFeedback' : object allocated on the heap may not be aligned 16
     1>..\..\examples\SharedMemory\PhysicsServer.cpp(788): warning C4244: 'argument' : conversion from 'const double' to 'const btScalar', possible loss of data
     1>..\..\examples\SharedMemory\PhysicsServer.cpp(791): warning C4244: 'argument' : conversion from 'const double' to 'const btScalar', possible loss of data
     1>..\..\examples\SharedMemory\PhysicsServer.cpp(801): warning C4244: 'argument' : conversion from 'double' to 'btScalar', possible loss of data
     1>..\..\examples\SharedMemory\PhysicsServer.cpp(829): warning C4244: 'initializing' : conversion from 'const double' to 'btScalar', possible loss of data
     1>..\..\examples\SharedMemory\PhysicsServer.cpp(832): warning C4244: 'initializing' : conversion from 'const double' to 'btScalar', possible loss of data
     1>..\..\examples\SharedMemory\PhysicsServer.cpp(869): warning C4244: 'initializing' : conversion from 'const double' to 'btScalar', possible loss of data
     1>..\..\examples\SharedMemory\PhysicsServer.cpp(870): warning C4244: 'initializing' : conversion from 'const double' to 'btScalar', possible loss of data
     1>..\..\examples\SharedMemory\PhysicsServer.cpp(872): warning C4244: 'initializing' : conversion from 'const double' to 'btScalar', possible loss of data
     1>..\..\examples\SharedMemory\PhysicsServer.cpp(873): warning C4244: 'initializing' : conversion from 'const double' to 'btScalar', possible loss of data
     1>..\..\examples\SharedMemory\PhysicsServer.cpp(886): warning C4244: 'initializing' : conversion from 'const double' to 'btScalar', possible loss of data
     1>..\..\examples\SharedMemory\PhysicsServer.cpp(1043): warning C4244: '=' : conversion from 'const double' to 'btScalar', possible loss of data
     1>..\..\examples\SharedMemory\PhysicsServer.cpp(1049): warning C4244: 'argument' : conversion from 'const double' to 'const btScalar', possible loss of data
     1>..\..\examples\SharedMemory\PhysicsServer.cpp(1101): warning C4244: 'argument' : conversion from 'const double' to 'const btScalar', possible loss of data
     1>..\..\examples\SharedMemory\PhysicsServer.cpp(1110): warning C4244: 'argument' : conversion from 'const double' to 'const btScalar', possible loss of data
     1>..\..\examples\SharedMemory\PhysicsServer.cpp(1120): warning C4244: 'argument' : conversion from 'const double' to 'const btScalar', possible loss of data
     1>..\..\examples\SharedMemory\PhysicsServer.cpp(1219): warning C4316: 'btMultiBodyPoint2Point' : object allocated on the heap may not be aligned 16
     1>c:\users\gabriel\desktop\bullet3-master\examples\importers\importurdfdemo\../ImportSTLDemo/LoadMeshFromSTL.h(21): warning C4996: 'fopen': This function or variable may be unsafe. Consider using fopen_s instead. To disable deprecation, use _CRT_SECURE_NO_WARNINGS. See online help for details. (..\..\examples\Importers\ImportURDFDemo\BulletUrdfImporter.cpp)
                 C:\Program Files (x86)\Microsoft Visual Studio 12.0\VC\include\stdio.h(211) : see declaration of 'fopen'
     1>C:\Users\Gabriel\Desktop\bullet3-master\src\Bullet3Common/b3FileUtils.h(25): warning C4996: 'sprintf': This function or variable may be unsafe. Consider using sprintf_s instead. To disable deprecation, use _CRT_SECURE_NO_WARNINGS. See online help for details. (..\..\examples\Importers\ImportURDFDemo\BulletUrdfImporter.cpp)
                 C:\Program Files (x86)\Microsoft Visual Studio 12.0\VC\include\stdio.h(356) : see declaration of 'sprintf'
     1>C:\Users\Gabriel\Desktop\bullet3-master\src\Bullet3Common/b3FileUtils.h(44): warning C4996: 'fopen': This function or variable may be unsafe. Consider using fopen_s instead. To disable deprecation, use _CRT_SECURE_NO_WARNINGS. See online help for details. (..\..\examples\Importers\ImportURDFDemo\BulletUrdfImporter.cpp)
                 C:\Program Files (x86)\Microsoft Visual Studio 12.0\VC\include\stdio.h(211) : see declaration of 'fopen'
         urdfStringSplit.cpp
         URDF2Bullet.cpp
     1>..\..\examples\Importers\ImportURDFDemo\BulletUrdfImporter.cpp(106): warning C4800: 'int' : forcing value to bool 'true' or 'false' (performance warning)
     1>..\..\examples\Importers\ImportURDFDemo\BulletUrdfImporter.cpp(213): warning C4244: '=' : conversion from 'double' to 'btScalar', possible loss of data
     1>..\..\examples\Importers\ImportURDFDemo\BulletUrdfImporter.cpp(216): warning C4244: 'argument' : conversion from 'double' to 'const btScalar', possible loss of data
     1>..\..\examples\Importers\ImportURDFDemo\BulletUrdfImporter.cpp(244): warning C4244: '=' : conversion from 'double' to 'btScalar', possible loss of data
     1>..\..\examples\Importers\ImportURDFDemo\BulletUrdfImporter.cpp(245): warning C4244: '=' : conversion from 'double' to 'btScalar', possible loss of data
     1>..\..\examples\Importers\ImportURDFDemo\BulletUrdfImporter.cpp(280): warning C4244: 'initializing' : conversion from 'const double' to 'btScalar', possible loss of data
     1>..\..\examples\Importers\ImportURDFDemo\BulletUrdfImporter.cpp(281): warning C4244: 'initializing' : conversion from 'const double' to 'btScalar', possible loss of data
     1>..\..\examples\Importers\ImportURDFDemo\BulletUrdfImporter.cpp(283): warning C4244: 'argument' : conversion from 'double' to 'const btScalar', possible loss of data
     1>..\..\examples\Importers\ImportURDFDemo\BulletUrdfImporter.cpp(285): warning C4244: '=' : conversion from 'double' to 'btScalar', possible loss of data
     1>..\..\examples\Importers\ImportURDFDemo\BulletUrdfImporter.cpp(309): warning C4244: 'initializing' : conversion from 'const double' to 'btScalar', possible loss of data
     1>..\..\examples\Importers\ImportURDFDemo\BulletUrdfImporter.cpp(338): warning C4996: 'sprintf': This function or variable may be unsafe. Consider using sprintf_s instead. To disable deprecation, use _CRT_SECURE_NO_WARNINGS. See online help for details.
                 C:\Program Files (x86)\Microsoft Visual Studio 12.0\VC\include\stdio.h(356) : see declaration of 'sprintf'
     1>..\..\examples\Importers\ImportURDFDemo\BulletUrdfImporter.cpp(341): warning C4996: 'sprintf': This function or variable may be unsafe. Consider using sprintf_s instead. To disable deprecation, use _CRT_SECURE_NO_WARNINGS. See online help for details.
                 C:\Program Files (x86)\Microsoft Visual Studio 12.0\VC\include\stdio.h(356) : see declaration of 'sprintf'
     1>..\..\examples\Importers\ImportURDFDemo\BulletUrdfImporter.cpp(357): warning C4996: 'sprintf': This function or variable may be unsafe. Consider using sprintf_s instead. To disable deprecation, use _CRT_SECURE_NO_WARNINGS. See online help for details.
                 C:\Program Files (x86)\Microsoft Visual Studio 12.0\VC\include\stdio.h(356) : see declaration of 'sprintf'
     1>..\..\examples\Importers\ImportURDFDemo\BulletUrdfImporter.cpp(358): warning C4996: 'fopen': This function or variable may be unsafe. Consider using fopen_s instead. To disable deprecation, use _CRT_SECURE_NO_WARNINGS. See online help for details.
                 C:\Program Files (x86)\Microsoft Visual Studio 12.0\VC\include\stdio.h(211) : see declaration of 'fopen'
     1>..\..\examples\Importers\ImportURDFDemo\BulletUrdfImporter.cpp(584): warning C4244: 'initializing' : conversion from 'const double' to 'btScalar', possible loss of data
     1>..\..\examples\Importers\ImportURDFDemo\BulletUrdfImporter.cpp(585): warning C4244: 'initializing' : conversion from 'const double' to 'btScalar', possible loss of data
     1>..\..\examples\Importers\ImportURDFDemo\BulletUrdfImporter.cpp(593): warning C4244: 'argument' : conversion from 'double' to 'const btScalar', possible loss of data
     1>..\..\examples\Importers\ImportURDFDemo\BulletUrdfImporter.cpp(595): warning C4244: '=' : conversion from 'double' to 'btScalar', possible loss of data
     1>..\..\examples\Importers\ImportURDFDemo\BulletUrdfImporter.cpp(625): warning C4244: 'initializing' : conversion from 'const double' to 'btScalar', possible loss of data
     1>..\..\examples\Importers\ImportURDFDemo\BulletUrdfImporter.cpp(647): warning C4996: 'sprintf': This function or variable may be unsafe. Consider using sprintf_s instead. To disable deprecation, use _CRT_SECURE_NO_WARNINGS. See online help for details.
                 C:\Program Files (x86)\Microsoft Visual Studio 12.0\VC\include\stdio.h(356) : see declaration of 'sprintf'
     1>..\..\examples\Importers\ImportURDFDemo\BulletUrdfImporter.cpp(654): warning C4996: 'sprintf': This function or variable may be unsafe. Consider using sprintf_s instead. To disable deprecation, use _CRT_SECURE_NO_WARNINGS. See online help for details.
                 C:\Program Files (x86)\Microsoft Visual Studio 12.0\VC\include\stdio.h(356) : see declaration of 'sprintf'
     1>..\..\examples\Importers\ImportURDFDemo\BulletUrdfImporter.cpp(671): warning C4996: 'sprintf': This function or variable may be unsafe. Consider using sprintf_s instead. To disable deprecation, use _CRT_SECURE_NO_WARNINGS. See online help for details.
                 C:\Program Files (x86)\Microsoft Visual Studio 12.0\VC\include\stdio.h(356) : see declaration of 'sprintf'
     1>..\..\examples\Importers\ImportURDFDemo\BulletUrdfImporter.cpp(672): warning C4996: 'fopen': This function or variable may be unsafe. Consider using fopen_s instead. To disable deprecation, use _CRT_SECURE_NO_WARNINGS. See online help for details.
                 C:\Program Files (x86)\Microsoft Visual Studio 12.0\VC\include\stdio.h(211) : see declaration of 'fopen'
     1>c:\users\gabriel\desktop\bullet3-master\examples\sharedmemory\../CommonInterfaces/CommonMultiBodyBase.h(333): warning C4316: 'btMultiBodyPoint2Point' : object allocated on the heap may not be aligned 16 (..\..\examples\SharedMemory\main.cpp)
     1>..\..\examples\Importers\ImportURDFDemo\UrdfParser.cpp(25): warning C4244: 'argument' : conversion from 'double' to 'const float', possible loss of data
     1>..\..\examples\Importers\ImportURDFDemo\UrdfParser.cpp(46): warning C4244: 'argument' : conversion from 'double' to 'const float', possible loss of data
     1>..\..\examples\Importers\ImportURDFDemo\UrdfParser.cpp(134): warning C4244: 'argument' : conversion from 'double' to 'const btScalar', possible loss of data
     1>..\..\examples\Importers\ImportURDFDemo\UrdfParser.cpp(752): warning C4316: 'UrdfMaterial' : object allocated on the heap may not be aligned 16
     1>..\..\examples\Importers\ImportURDFDemo\UrdfParser.cpp(768): warning C4996: 'sprintf': This function or variable may be unsafe. Consider using sprintf_s instead. To disable deprecation, use _CRT_SECURE_NO_WARNINGS. See online help for details.
                 C:\Program Files (x86)\Microsoft Visual Studio 12.0\VC\include\stdio.h(356) : see declaration of 'sprintf'
     1>..\..\examples\Importers\ImportURDFDemo\UrdfParser.cpp(774): warning C4316: 'UrdfLink' : object allocated on the heap may not be aligned 16
     1>..\..\examples\Importers\ImportURDFDemo\UrdfParser.cpp(822): warning C4316: 'UrdfJoint' : object allocated on the heap may not be aligned 16
         b3ResourcePath.cpp
     1>..\..\examples\SharedMemory\RobotControlExample.cpp(136): warning C4996: 'sprintf': This function or variable may be unsafe. Consider using sprintf_s instead. To disable deprecation, use _CRT_SECURE_NO_WARNINGS. See online help for details.
                 C:\Program Files (x86)\Microsoft Visual Studio 12.0\VC\include\stdio.h(356) : see declaration of 'sprintf'
     1>..\..\examples\SharedMemory\RobotControlExample.cpp(215): warning C4996: 'sprintf': This function or variable may be unsafe. Consider using sprintf_s instead. To disable deprecation, use _CRT_SECURE_NO_WARNINGS. See online help for details.
                 C:\Program Files (x86)\Microsoft Visual Studio 12.0\VC\include\stdio.h(356) : see declaration of 'sprintf'
     1>..\..\examples\SharedMemory\RobotControlExample.cpp(414): warning C4244: '=' : conversion from 'double' to 'btScalar', possible loss of data
     1>..\..\examples\SharedMemory\RobotControlExample.cpp(415): warning C4244: '=' : conversion from 'double' to 'btScalar', possible loss of data
     1>..\..\examples\SharedMemory\RobotControlExample.cpp(418): warning C4244: 'argument' : conversion from 'double' to 'const btScalar', possible loss of data
     1>..\..\examples\SharedMemory\RobotControlExample.cpp(421): warning C4244: 'argument' : conversion from 'double' to 'const btScalar', possible loss of data
     1>..\..\examples\SharedMemory\RobotControlExample.cpp(464): warning C4996: 'sprintf': This function or variable may be unsafe. Consider using sprintf_s instead. To disable deprecation, use _CRT_SECURE_NO_WARNINGS. See online help for details.
                 C:\Program Files (x86)\Microsoft Visual Studio 12.0\VC\include\stdio.h(356) : see declaration of 'sprintf'
     1>..\..\examples\SharedMemory\RobotControlExample.cpp(494): warning C4996: 'sprintf': This function or variable may be unsafe. Consider using sprintf_s instead. To disable deprecation, use _CRT_SECURE_NO_WARNINGS. See online help for details.
                 C:\Program Files (x86)\Microsoft Visual Studio 12.0\VC\include\stdio.h(356) : see declaration of 'sprintf'
     1>..\..\examples\SharedMemory\RobotControlExample.cpp(502): warning C4996: 'sprintf': This function or variable may be unsafe. Consider using sprintf_s instead. To disable deprecation, use _CRT_SECURE_NO_WARNINGS. See online help for details.
                 C:\Program Files (x86)\Microsoft Visual Studio 12.0\VC\include\stdio.h(356) : see declaration of 'sprintf'
     1>..\..\examples\SharedMemory\RobotControlExample.cpp(509): warning C4996: 'sprintf': This function or variable may be unsafe. Consider using sprintf_s instead. To disable deprecation, use _CRT_SECURE_NO_WARNINGS. See online help for details.
                 C:\Program Files (x86)\Microsoft Visual Studio 12.0\VC\include\stdio.h(356) : see declaration of 'sprintf'
     1>..\..\examples\SharedMemory\RobotControlExample.cpp(517): warning C4996: 'sprintf': This function or variable may be unsafe. Consider using sprintf_s instead. To disable deprecation, use _CRT_SECURE_NO_WARNINGS. See online help for details.
                 C:\Program Files (x86)\Microsoft Visual Studio 12.0\VC\include\stdio.h(356) : see declaration of 'sprintf'
     1>..\..\examples\SharedMemory\RobotControlExample.cpp(597): warning C4800: 'int' : forcing value to bool 'true' or 'false' (performance warning)
     1>..\..\examples\SharedMemory\RobotControlExample.cpp(600): warning C4996: 'fopen': This function or variable may be unsafe. Consider using fopen_s instead. To disable deprecation, use _CRT_SECURE_NO_WARNINGS. See online help for details.
                 C:\Program Files (x86)\Microsoft Visual Studio 12.0\VC\include\stdio.h(211) : see declaration of 'fopen'
     1>..\..\examples\SharedMemory\RobotControlExample.cpp(661): warning C4316: 'RobotControlExample' : object allocated on the heap may not be aligned 16
         b3Clock.cpp
         btBulletWorldImporter.cpp
         btWorldImporter.cpp
         bChunk.cpp
         bDNA.cpp
         bFile.cpp
     1>C:\Users\Gabriel\Desktop\bullet3-master\src\Bullet3Common/b3FileUtils.h(21): warning C4996: 'fopen': This function or variable may be unsafe. Consider using fopen_s instead. To disable deprecation, use _CRT_SECURE_NO_WARNINGS. See online help for details. (..\..\examples\Utils\b3ResourcePath.cpp)
                 C:\Program Files (x86)\Microsoft Visual Studio 12.0\VC\include\stdio.h(211) : see declaration of 'fopen'
     1>C:\Users\Gabriel\Desktop\bullet3-master\src\Bullet3Common/b3FileUtils.h(25): warning C4996: 'sprintf': This function or variable may be unsafe. Consider using sprintf_s instead. To disable deprecation, use _CRT_SECURE_NO_WARNINGS. See online help for details. (..\..\examples\Utils\b3ResourcePath.cpp)
                 C:\Program Files (x86)\Microsoft Visual Studio 12.0\VC\include\stdio.h(356) : see declaration of 'sprintf'
     1>C:\Users\Gabriel\Desktop\bullet3-master\src\Bullet3Common/b3FileUtils.h(44): warning C4996: 'fopen': This function or variable may be unsafe. Consider using fopen_s instead. To disable deprecation, use _CRT_SECURE_NO_WARNINGS. See online help for details. (..\..\examples\Utils\b3ResourcePath.cpp)
                 C:\Program Files (x86)\Microsoft Visual Studio 12.0\VC\include\stdio.h(211) : see declaration of 'fopen'
     1>..\..\examples\Utils\b3ResourcePath.cpp(67): warning C4996: 'sprintf': This function or variable may be unsafe. Consider using sprintf_s instead. To disable deprecation, use _CRT_SECURE_NO_WARNINGS. See online help for details.
                 C:\Program Files (x86)\Microsoft Visual Studio 12.0\VC\include\stdio.h(356) : see declaration of 'sprintf'
     1>..\..\examples\Utils\b3ResourcePath.cpp(74): warning C4996: 'sprintf': This function or variable may be unsafe. Consider using sprintf_s instead. To disable deprecation, use _CRT_SECURE_NO_WARNINGS. See online help for details.
                 C:\Program Files (x86)\Microsoft Visual Studio 12.0\VC\include\stdio.h(356) : see declaration of 'sprintf'
         btBulletFile.cpp
     1>..\..\Extras\Serialize\BulletFileLoader\bFile.cpp(70): warning C4996: 'fopen': This function or variable may be unsafe. Consider using fopen_s instead. To disable deprecation, use _CRT_SECURE_NO_WARNINGS. See online help for details.
                 C:\Program Files (x86)\Microsoft Visual Studio 12.0\VC\include\stdio.h(211) : see declaration of 'fopen'
     1>..\..\Extras\Serialize\BulletFileLoader\bFile.cpp(585): warning C4996: 'fopen': This function or variable may be unsafe. Consider using fopen_s instead. To disable deprecation, use _CRT_SECURE_NO_WARNINGS. See online help for details.
                 C:\Program Files (x86)\Microsoft Visual Studio 12.0\VC\include\stdio.h(211) : see declaration of 'fopen'
         Wavefront2GLInstanceGraphicsShape.cpp
         LoadMeshFromObj.cpp
         LoadMeshFromCollada.cpp
         tiny_obj_loader.cpp
         pose.cpp
     1>..\..\Extras\Serialize\BulletFileLoader\btBulletFile.cpp(371): warning C4996: 'fopen': This function or variable may be unsafe. Consider using fopen_s instead. To disable deprecation, use _CRT_SECURE_NO_WARNINGS. See online help for details.
                 C:\Program Files (x86)\Microsoft Visual Studio 12.0\VC\include\stdio.h(211) : see declaration of 'fopen'
     1>..\..\Extras\Serialize\BulletWorldImporter\btWorldImporter.cpp(1000): warning C4800: 'char' : forcing value to bool 'true' or 'false' (performance warning)
     1>..\..\Extras\Serialize\BulletWorldImporter\btWorldImporter.cpp(1004): warning C4800: 'char' : forcing value to bool 'true' or 'false' (performance warning)
     1>..\..\Extras\Serialize\BulletWorldImporter\btWorldImporter.cpp(1007): warning C4800: 'char' : forcing value to bool 'true' or 'false' (performance warning)
     1>..\..\Extras\Serialize\BulletWorldImporter\btWorldImporter.cpp(1278): warning C4244: 'argument' : conversion from 'double' to 'btScalar', possible loss of data
     1>..\..\Extras\Serialize\BulletWorldImporter\btWorldImporter.cpp(1327): warning C4800: 'char' : forcing value to bool 'true' or 'false' (performance warning)
     1>..\..\Extras\Serialize\BulletWorldImporter\btWorldImporter.cpp(1327): warning C4244: 'argument' : conversion from 'double' to 'btScalar', possible loss of data
     1>..\..\Extras\Serialize\BulletWorldImporter\btWorldImporter.cpp(1328): warning C4244: 'argument' : conversion from 'double' to 'btScalar', possible loss of data
     1>..\..\Extras\Serialize\BulletWorldImporter\btWorldImporter.cpp(1330): warning C4800: 'char' : forcing value to bool 'true' or 'false' (performance warning)
     1>..\..\Extras\Serialize\BulletWorldImporter\btWorldImporter.cpp(1330): warning C4244: 'argument' : conversion from 'double' to 'btScalar', possible loss of data
     1>..\..\Extras\Serialize\BulletWorldImporter\btWorldImporter.cpp(1334): warning C4800: 'char' : forcing value to bool 'true' or 'false' (performance warning)
     1>..\..\Extras\Serialize\BulletWorldImporter\btWorldImporter.cpp(1334): warning C4244: 'argument' : conversion from 'double' to 'btScalar', possible loss of data
     1>..\..\Extras\Serialize\BulletWorldImporter\btWorldImporter.cpp(1335): warning C4244: 'argument' : conversion from 'double' to 'btScalar', possible loss of data
     1>..\..\Extras\Serialize\BulletWorldImporter\btWorldImporter.cpp(1337): warning C4800: 'char' : forcing value to bool 'true' or 'false' (performance warning)
     1>..\..\Extras\Serialize\BulletWorldImporter\btWorldImporter.cpp(1337): warning C4244: 'argument' : conversion from 'double' to 'btScalar', possible loss of data
         model.cpp
     1>C:\Users\Gabriel\Desktop\bullet3-master\examples\ThirdPartyLibs\urdf/urdfdom_headers/urdf_model/include/urdf_model/pose.h(82): warning C4101: 'e' : unreferenced local variable (..\..\examples\ThirdPartyLibs\urdf\urdfdom\urdf_parser\src\pose.cpp)
     1>..\..\examples\ThirdPartyLibs\Wavefront\tiny_obj_loader.cpp(353): warning C4996: 'sscanf': This function or variable may be unsafe. Consider using sscanf_s instead. To disable deprecation, use _CRT_SECURE_NO_WARNINGS. See online help for details.
                 C:\Program Files (x86)\Microsoft Visual Studio 12.0\VC\include\stdio.h(304) : see declaration of 'sscanf'
         link.cpp
     1>..\..\examples\ThirdPartyLibs\Wavefront\tiny_obj_loader.cpp(589): warning C4996: 'sscanf': This function or variable may be unsafe. Consider using sscanf_s instead. To disable deprecation, use _CRT_SECURE_NO_WARNINGS. See online help for details.
                 C:\Program Files (x86)\Microsoft Visual Studio 12.0\VC\include\stdio.h(304) : see declaration of 'sscanf'
     1>..\..\examples\ThirdPartyLibs\Wavefront\tiny_obj_loader.cpp(605): warning C4996: 'sscanf': This function or variable may be unsafe. Consider using sscanf_s instead. To disable deprecation, use _CRT_SECURE_NO_WARNINGS. See online help for details.
                 C:\Program Files (x86)\Microsoft Visual Studio 12.0\VC\include\stdio.h(304) : see declaration of 'sscanf'
     1>..\..\examples\ThirdPartyLibs\Wavefront\tiny_obj_loader.cpp(661): warning C4996: 'sscanf': This function or variable may be unsafe. Consider using sscanf_s instead. To disable deprecation, use _CRT_SECURE_NO_WARNINGS. See online help for details.
                 C:\Program Files (x86)\Microsoft Visual Studio 12.0\VC\include\stdio.h(304) : see declaration of 'sscanf'
     1>C:\Users\Gabriel\Desktop\bullet3-master\src\Bullet3Common/b3FileUtils.h(21): warning C4996: 'fopen': This function or variable may be unsafe. Consider using fopen_s instead. To disable deprecation, use _CRT_SECURE_NO_WARNINGS. See online help for details. (..\..\examples\Importers\ImportColladaDemo\LoadMeshFromCollada.cpp)
                 C:\Program Files (x86)\Microsoft Visual Studio 12.0\VC\include\stdio.h(211) : see declaration of 'fopen'
     1>C:\Users\Gabriel\Desktop\bullet3-master\src\Bullet3Common/b3FileUtils.h(25): warning C4996: 'sprintf': This function or variable may be unsafe. Consider using sprintf_s instead. To disable deprecation, use _CRT_SECURE_NO_WARNINGS. See online help for details. (..\..\examples\Importers\ImportColladaDemo\LoadMeshFromCollada.cpp)
                 C:\Program Files (x86)\Microsoft Visual Studio 12.0\VC\include\stdio.h(356) : see declaration of 'sprintf'
     1>C:\Users\Gabriel\Desktop\bullet3-master\src\Bullet3Common/b3FileUtils.h(44): warning C4996: 'fopen': This function or variable may be unsafe. Consider using fopen_s instead. To disable deprecation, use _CRT_SECURE_NO_WARNINGS. See online help for details. (..\..\examples\Importers\ImportColladaDemo\LoadMeshFromCollada.cpp)
                 C:\Program Files (x86)\Microsoft Visual Studio 12.0\VC\include\stdio.h(211) : see declaration of 'fopen'
     1>..\..\examples\Importers\ImportColladaDemo\LoadMeshFromCollada.cpp(47): warning C4244: 'initializing' : conversion from 'double' to 'float', possible loss of data
     1>..\..\examples\Importers\ImportColladaDemo\LoadMeshFromCollada.cpp(59): warning C4244: 'initializing' : conversion from 'int' to 'float', possible loss of data
     1>..\..\examples\Importers\ImportColladaDemo\LoadMeshFromCollada.cpp(60): warning C4244: 'argument' : conversion from 'float' to 'const int', possible loss of data
     1>..\..\examples\Importers\ImportColladaDemo\LoadMeshFromCollada.cpp(496): warning C4244: '=' : conversion from 'double' to 'float', possible loss of data
         joint.cpp
         tinystr.cpp
         tinyxml.cpp
         tinyxmlerror.cpp
         tinyxmlparser.cpp
     1>C:\Users\Gabriel\Desktop\bullet3-master\examples\ThirdPartyLibs\urdf/urdfdom_headers/urdf_model/include/urdf_model/pose.h(82): warning C4101: 'e' : unreferenced local variable (..\..\examples\ThirdPartyLibs\urdf\urdfdom\urdf_parser\src\model.cpp)
     1>c:\users\gabriel\desktop\bullet3-master\examples\thirdpartylibs\urdf\urdfdom_headers\urdf_model\include\urdf_model\color.h(76): warning C4244: 'argument' : conversion from 'double' to 'float', possible loss of data (..\..\examples\ThirdPartyLibs\urdf\urdfdom\urdf_parser\src\model.cpp)
     1>c:\users\gabriel\desktop\bullet3-master\examples\thirdpartylibs\urdf\urdfdom_headers\urdf_model\include\urdf_model\color.h(78): warning C4101: 'e' : unreferenced local variable (..\..\examples\ThirdPartyLibs\urdf\urdfdom\urdf_parser\src\model.cpp)
         printf_console.cpp
         string_split.cpp
     1>C:\Users\Gabriel\Desktop\bullet3-master\examples\ThirdPartyLibs\urdf/urdfdom_headers/urdf_model/include/urdf_model/pose.h(82): warning C4101: 'e' : unreferenced local variable (..\..\examples\ThirdPartyLibs\urdf\urdfdom\urdf_parser\src\link.cpp)
     1>..\..\examples\ThirdPartyLibs\urdf\urdfdom\urdf_parser\src\model.cpp(106): warning C4101: 'e' : unreferenced local variable
     1>..\..\examples\ThirdPartyLibs\urdf\urdfdom\urdf_parser\src\model.cpp(163): warning C4101: 'e' : unreferenced local variable
     1>C:\Users\Gabriel\Desktop\bullet3-master\examples\ThirdPartyLibs\urdf/urdfdom_headers/urdf_model/include/urdf_model/pose.h(82): warning C4101: 'e' : unreferenced local variable (..\..\examples\ThirdPartyLibs\urdf\urdfdom\urdf_parser\src\joint.cpp)
     1>c:\users\gabriel\desktop\bullet3-master\examples\thirdpartylibs\urdf\urdfdom_headers\urdf_model\include\urdf_model\color.h(76): warning C4244: 'argument' : conversion from 'double' to 'float', possible loss of data (..\..\examples\ThirdPartyLibs\urdf\urdfdom\urdf_parser\src\link.cpp)
     1>c:\users\gabriel\desktop\bullet3-master\examples\thirdpartylibs\urdf\urdfdom_headers\urdf_model\include\urdf_model\color.h(78): warning C4101: 'e' : unreferenced local variable (..\..\examples\ThirdPartyLibs\urdf\urdfdom\urdf_parser\src\link.cpp)
     1>c:\users\gabriel\desktop\bullet3-master\examples\thirdpartylibs\urdf\urdfdom_headers\urdf_model\include\urdf_model\color.h(76): warning C4244: 'argument' : conversion from 'double' to 'float', possible loss of data (..\..\examples\ThirdPartyLibs\urdf\urdfdom\urdf_parser\src\joint.cpp)
     1>c:\users\gabriel\desktop\bullet3-master\examples\thirdpartylibs\urdf\urdfdom_headers\urdf_model\include\urdf_model\color.h(78): warning C4101: 'e' : unreferenced local variable (..\..\examples\ThirdPartyLibs\urdf\urdfdom\urdf_parser\src\joint.cpp)
     1>..\..\examples\ThirdPartyLibs\urdf\urdfdom\urdf_parser\src\link.cpp(133): warning C4101: 'e' : unreferenced local variable
     1>..\..\examples\ThirdPartyLibs\urdf\urdfdom\urdf_parser\src\link.cpp(184): warning C4101: 'e' : unreferenced local variable
     1>..\..\examples\ThirdPartyLibs\urdf\urdfdom\urdf_parser\src\link.cpp(197): warning C4101: 'e' : unreferenced local variable
     1>..\..\examples\ThirdPartyLibs\urdf\urdfdom\urdf_parser\src\link.cpp(316): warning C4101: 'e' : unreferenced local variable
     1>..\..\examples\ThirdPartyLibs\urdf\urdfdom\urdf_parser\src\link.cpp(348): warning C4101: 'e' : unreferenced local variable
     1>..\..\examples\ThirdPartyLibs\urdf\urdfdom\urdf_parser\src\joint.cpp(107): warning C4244: 'argument' : conversion from 'double' to 'float', possible loss of data
       Link:
         C:\Program Files (x86)\Microsoft Visual Studio 12.0\VC\bin\link.exe /ERRORREPORT:PROMPT /OUT:"..\..\bin\App_SharedMemoryPhysics_vs2010_debug.exe" /INCREMENTAL /NOLOGO ..\..\bin\Bullet3Common_vs2010_debug.lib ..\..\bin\BulletDynamics_vs2010_debug.lib ..\..\bin\BulletCollision_vs2010_debug.lib ..\..\bin\LinearMath_vs2010_debug.lib kernel32.lib user32.lib gdi32.lib winspool.lib comdlg32.lib advapi32.lib shell32.lib ole32.lib oleaut32.lib uuid.lib odbc32.lib odbccp32.lib /MANIFEST /MANIFESTUAC:"level='asInvoker' uiAccess='false'" /manifest:embed /DEBUG /PDB:"..\..\bin\App_SharedMemoryPhysics_vs2010_debug.pdb" /SUBSYSTEM:CONSOLE /TLBID:1 /ENTRY:"mainCRTStartup" /DYNAMICBASE /NXCOMPAT /IMPLIB:"..\..\bin\App_SharedMemoryPhysics_vs2010_debug.lib" /MACHINE:X86 obj\x32\Debug\App_SharedMemoryPhysics\main.obj
         obj\x32\Debug\App_SharedMemoryPhysics\PhysicsClient.obj
         obj\x32\Debug\App_SharedMemoryPhysics\PhysicsClientC_API.obj
         obj\x32\Debug\App_SharedMemoryPhysics\PhysicsClientExample.obj
         obj\x32\Debug\App_SharedMemoryPhysics\PhysicsServer.obj
         obj\x32\Debug\App_SharedMemoryPhysics\PhysicsServerExample.obj
         obj\x32\Debug\App_SharedMemoryPhysics\PosixSharedMemory.obj
         obj\x32\Debug\App_SharedMemoryPhysics\RobotControlExample.obj
         obj\x32\Debug\App_SharedMemoryPhysics\Win32SharedMemory.obj
         obj\x32\Debug\App_SharedMemoryPhysics\MyMultiBodyCreator.obj
         obj\x32\Debug\App_SharedMemoryPhysics\BulletUrdfImporter.obj
         obj\x32\Debug\App_SharedMemoryPhysics\UrdfParser.obj
         obj\x32\Debug\App_SharedMemoryPhysics\urdfStringSplit.obj
         obj\x32\Debug\App_SharedMemoryPhysics\URDF2Bullet.obj
         obj\x32\Debug\App_SharedMemoryPhysics\b3ResourcePath.obj
         obj\x32\Debug\App_SharedMemoryPhysics\b3Clock.obj
         obj\x32\Debug\App_SharedMemoryPhysics\btBulletWorldImporter.obj
         obj\x32\Debug\App_SharedMemoryPhysics\btWorldImporter.obj
         obj\x32\Debug\App_SharedMemoryPhysics\bChunk.obj
         obj\x32\Debug\App_SharedMemoryPhysics\bDNA.obj
         obj\x32\Debug\App_SharedMemoryPhysics\bFile.obj
         obj\x32\Debug\App_SharedMemoryPhysics\btBulletFile.obj
         obj\x32\Debug\App_SharedMemoryPhysics\Wavefront2GLInstanceGraphicsShape.obj
         obj\x32\Debug\App_SharedMemoryPhysics\LoadMeshFromObj.obj
         obj\x32\Debug\App_SharedMemoryPhysics\LoadMeshFromCollada.obj
         obj\x32\Debug\App_SharedMemoryPhysics\tiny_obj_loader.obj
         obj\x32\Debug\App_SharedMemoryPhysics\pose.obj
         obj\x32\Debug\App_SharedMemoryPhysics\model.obj
         obj\x32\Debug\App_SharedMemoryPhysics\link.obj
         obj\x32\Debug\App_SharedMemoryPhysics\joint.obj
         obj\x32\Debug\App_SharedMemoryPhysics\tinystr.obj
         obj\x32\Debug\App_SharedMemoryPhysics\tinyxml.obj
         obj\x32\Debug\App_SharedMemoryPhysics\tinyxmlerror.obj
         obj\x32\Debug\App_SharedMemoryPhysics\tinyxmlparser.obj
         obj\x32\Debug\App_SharedMemoryPhysics\printf_console.obj
         obj\x32\Debug\App_SharedMemoryPhysics\string_split.obj
         App_SharedMemoryPhysics.vcxproj -> C:\Users\Gabriel\Desktop\bullet3-master\build3\vs2010\..\..\bin\App_SharedMemoryPhysics_vs2010_debug.exe
     1>Done Building Project "C:\Users\Gabriel\Desktop\bullet3-master\build3\vs2010\App_SharedMemoryPhysics.vcxproj" (Build target(s)).

Build succeeded.

Time Elapsed 00:00:27.75
