Build started 8/9/2015 23:10:24.
     1>Project "C:\Users\Gabriel\Desktop\bullet3-master\build3\vs2010\gwen.vcxproj" on node 3 (Build target(s)).
     1>ClCompile:
         C:\Program Files (x86)\Microsoft Visual Studio 12.0\VC\bin\CL.exe /c /I..\..\examples\ThirdPartyLibs\Glew /I..\..\examples\ThirdPartyLibs\Gwen /I..\..\examples\ThirdPartyLibs /Zi /nologo /W3 /WX- /Od /Oy- /D _DEBUG=1 /D GLEW_STATIC /D GWEN_COMPILE_STATIC /D DONT_USE_GLUT /D _MBCS /Gm- /EHsc /RTC1 /MTd /GS /Gy /fp:fast /Zc:wchar_t /Zc:forScope /Fo"obj\x32\Debug\gwen\\" /Fd"..\..\bin\gwen_vs2010_debug.pdb" /Gd /TC /analyze- /errorReport:prompt /MP ..\..\examples\ThirdPartyLibs\Glew\glew.c
         glew.c
         C:\Program Files (x86)\Microsoft Visual Studio 12.0\VC\bin\CL.exe /c /I..\..\examples\ThirdPartyLibs\Glew /I..\..\examples\ThirdPartyLibs\Gwen /I..\..\examples\ThirdPartyLibs /Zi /nologo /W3 /WX- /Od /Oy- /D _DEBUG=1 /D GLEW_STATIC /D GWEN_COMPILE_STATIC /D DONT_USE_GLUT /D _MBCS /Gm- /EHsc /RTC1 /MTd /GS /Gy /fp:fast /Zc:wchar_t /Zc:forScope /Fo"obj\x32\Debug\gwen\\" /Fd"..\..\bin\gwen_vs2010_debug.pdb" /Gd /TP /analyze- /errorReport:prompt /MP ..\..\examples\ThirdPartyLibs\Gwen\Anim.cpp ..\..\examples\ThirdPartyLibs\Gwen\BaseRender.cpp ..\..\examples\ThirdPartyLibs\Gwen\DragAndDrop.cpp ..\..\examples\ThirdPartyLibs\Gwen\events.cpp ..\..\examples\ThirdPartyLibs\Gwen\Gwen.cpp ..\..\examples\ThirdPartyLibs\Gwen\Hook.cpp ..\..\examples\ThirdPartyLibs\Gwen\inputhandler.cpp ..\..\examples\ThirdPartyLibs\Gwen\Skin.cpp ..\..\examples\ThirdPartyLibs\Gwen\ToolTip.cpp ..\..\examples\ThirdPartyLibs\Gwen\Utility.cpp ..\..\examples\ThirdPartyLibs\Gwen\Controls\Base.cpp ..\..\examples\ThirdPartyLibs\Gwen\Controls\Button.cpp ..\..\examples\ThirdPartyLibs\Gwen\Controls\Canvas.cpp ..\..\examples\ThirdPartyLibs\Gwen\Controls\CheckBox.cpp ..\..\examples\ThirdPartyLibs\Gwen\Controls\ColorControls.cpp ..\..\examples\ThirdPartyLibs\Gwen\Controls\ColorPicker.cpp ..\..\examples\ThirdPartyLibs\Gwen\Controls\ComboBox.cpp ..\..\examples\ThirdPartyLibs\Gwen\Controls\CrossSplitter.cpp ..\..\examples\ThirdPartyLibs\Gwen\Controls\DockBase.cpp ..\..\examples\ThirdPartyLibs\Gwen\Controls\DockedTabControl.cpp ..\..\examples\ThirdPartyLibs\Gwen\Controls\Dragger.cpp ..\..\examples\ThirdPartyLibs\Gwen\Controls\GroupBox.cpp ..\..\examples\ThirdPartyLibs\Gwen\Controls\HorizontalScrollBar.cpp ..\..\examples\ThirdPartyLibs\Gwen\Controls\HorizontalSlider.cpp ..\..\examples\ThirdPartyLibs\Gwen\Controls\HSVColorPicker.cpp ..\..\examples\ThirdPartyLibs\Gwen\Controls\ImagePanel.cpp ..\..\examples\ThirdPartyLibs\Gwen\Controls\Label.cpp ..\..\examples\ThirdPartyLibs\Gwen\Controls\LabelClickable.cpp ..\..\examples\ThirdPartyLibs\Gwen\Controls\ListBox.cpp ..\..\examples\ThirdPartyLibs\Gwen\Controls\Menu.cpp ..\..\examples\ThirdPartyLibs\Gwen\Controls\MenuItem.cpp ..\..\examples\ThirdPartyLibs\Gwen\Controls\MenuStrip.cpp ..\..\examples\ThirdPartyLibs\Gwen\Controls\NumericUpDown.cpp ..\..\examples\ThirdPartyLibs\Gwen\Controls\PanelListPanel.cpp ..\..\examples\ThirdPartyLibs\Gwen\Controls\ProgressBar.cpp ..\..\examples\ThirdPartyLibs\Gwen\Controls\Properties.cpp ..\..\examples\ThirdPartyLibs\Gwen\Controls\RadioButton.cpp ..\..\examples\ThirdPartyLibs\Gwen\Controls\RadioButtonController.cpp ..\..\examples\ThirdPartyLibs\Gwen\Controls\ResizableControl.cpp ..\..\examples\ThirdPartyLibs\Gwen\Controls\Resizer.cpp ..\..\examples\ThirdPartyLibs\Gwen\Controls\RichLabel.cpp ..\..\examples\ThirdPartyLibs\Gwen\Controls\ScrollBar.cpp ..\..\examples\ThirdPartyLibs\Gwen\Controls\ScrollBarBar.cpp ..\..\examples\ThirdPartyLibs\Gwen\Controls\ScrollBarButton.cpp ..\..\examples\ThirdPartyLibs\Gwen\Controls\ScrollControl.cpp ..\..\examples\ThirdPartyLibs\Gwen\Controls\Slider.cpp ..\..\examples\ThirdPartyLibs\Gwen\Controls\SplitterBar.cpp ..\..\examples\ThirdPartyLibs\Gwen\Controls\TabButton.cpp ..\..\examples\ThirdPartyLibs\Gwen\Controls\TabControl.cpp ..\..\examples\ThirdPartyLibs\Gwen\Controls\TabStrip.cpp ..\..\examples\ThirdPartyLibs\Gwen\Controls\Text.cpp ..\..\examples\ThirdPartyLibs\Gwen\Controls\TextBox.cpp ..\..\examples\ThirdPartyLibs\Gwen\Controls\TextBoxNumeric.cpp ..\..\examples\ThirdPartyLibs\Gwen\Controls\TreeControl.cpp ..\..\examples\ThirdPartyLibs\Gwen\Controls\TreeNode.cpp ..\..\examples\ThirdPartyLibs\Gwen\Controls\VerticalScrollBar.cpp ..\..\examples\ThirdPartyLibs\Gwen\Controls\VerticalSlider.cpp ..\..\examples\ThirdPartyLibs\Gwen\Controls\WindowControl.cpp ..\..\examples\ThirdPartyLibs\Gwen\Controls\Dialog\FileOpen.cpp ..\..\examples\ThirdPartyLibs\Gwen\Controls\Dialog\FileSave.cpp ..\..\examples\ThirdPartyLibs\Gwen\Controls\Dialog\Query.cpp ..\..\examples\ThirdPartyLibs\Gwen\Platforms\Null.cpp ..\..\examples\ThirdPartyLibs\Gwen\Platforms\Windows.cpp ..\..\examples\ThirdPartyLibs\Gwen\Renderers\OpenGL_DebugFont.cpp
         Anim.cpp
         BaseRender.cpp
         DragAndDrop.cpp
         events.cpp
         Gwen.cpp
         Hook.cpp
         inputhandler.cpp
         Skin.cpp
         ToolTip.cpp
         Utility.cpp
         Base.cpp
         Button.cpp
         Canvas.cpp
         CheckBox.cpp
         ColorControls.cpp
         ColorPicker.cpp
         ComboBox.cpp
         CrossSplitter.cpp
         DockBase.cpp
         DockedTabControl.cpp
         Dragger.cpp
         GroupBox.cpp
         HorizontalScrollBar.cpp
         HorizontalSlider.cpp
         HSVColorPicker.cpp
         ImagePanel.cpp
         Label.cpp
         LabelClickable.cpp
         ListBox.cpp
         Menu.cpp
         MenuItem.cpp
         MenuStrip.cpp
         NumericUpDown.cpp
         PanelListPanel.cpp
         ProgressBar.cpp
         Properties.cpp
         RadioButton.cpp
         RadioButtonController.cpp
         ResizableControl.cpp
         Resizer.cpp
         RichLabel.cpp
         ScrollBar.cpp
         ScrollBarBar.cpp
         ScrollBarButton.cpp
         ScrollControl.cpp
         Slider.cpp
         SplitterBar.cpp
         TabButton.cpp
         TabControl.cpp
         TabStrip.cpp
         Text.cpp
         TextBox.cpp
         TextBoxNumeric.cpp
         TreeControl.cpp
         TreeNode.cpp
         VerticalScrollBar.cpp
         VerticalSlider.cpp
         WindowControl.cpp
         FileOpen.cpp
         FileSave.cpp
         Query.cpp
         Null.cpp
         Windows.cpp
         OpenGL_DebugFont.cpp
       Lib:
         C:\Program Files (x86)\Microsoft Visual Studio 12.0\VC\bin\Lib.exe /OUT:"..\..\bin\gwen_vs2010_debug.lib" /NOLOGO /MACHINE:X86 obj\x32\Debug\gwen\glew.obj
         obj\x32\Debug\gwen\Anim.obj
         obj\x32\Debug\gwen\BaseRender.obj
         obj\x32\Debug\gwen\DragAndDrop.obj
         obj\x32\Debug\gwen\events.obj
         obj\x32\Debug\gwen\Gwen.obj
         obj\x32\Debug\gwen\Hook.obj
         obj\x32\Debug\gwen\inputhandler.obj
         obj\x32\Debug\gwen\Skin.obj
         obj\x32\Debug\gwen\ToolTip.obj
         obj\x32\Debug\gwen\Utility.obj
         obj\x32\Debug\gwen\Base.obj
         obj\x32\Debug\gwen\Button.obj
         obj\x32\Debug\gwen\Canvas.obj
         obj\x32\Debug\gwen\CheckBox.obj
         obj\x32\Debug\gwen\ColorControls.obj
         obj\x32\Debug\gwen\ColorPicker.obj
         obj\x32\Debug\gwen\ComboBox.obj
         obj\x32\Debug\gwen\CrossSplitter.obj
         obj\x32\Debug\gwen\DockBase.obj
         obj\x32\Debug\gwen\DockedTabControl.obj
         obj\x32\Debug\gwen\Dragger.obj
         obj\x32\Debug\gwen\GroupBox.obj
         obj\x32\Debug\gwen\HorizontalScrollBar.obj
         obj\x32\Debug\gwen\HorizontalSlider.obj
         obj\x32\Debug\gwen\HSVColorPicker.obj
         obj\x32\Debug\gwen\ImagePanel.obj
         obj\x32\Debug\gwen\Label.obj
         obj\x32\Debug\gwen\LabelClickable.obj
         obj\x32\Debug\gwen\ListBox.obj
         obj\x32\Debug\gwen\Menu.obj
         obj\x32\Debug\gwen\MenuItem.obj
         obj\x32\Debug\gwen\MenuStrip.obj
         obj\x32\Debug\gwen\NumericUpDown.obj
         obj\x32\Debug\gwen\PanelListPanel.obj
         obj\x32\Debug\gwen\ProgressBar.obj
         obj\x32\Debug\gwen\Properties.obj
         obj\x32\Debug\gwen\RadioButton.obj
         obj\x32\Debug\gwen\RadioButtonController.obj
         obj\x32\Debug\gwen\ResizableControl.obj
         obj\x32\Debug\gwen\Resizer.obj
         obj\x32\Debug\gwen\RichLabel.obj
         obj\x32\Debug\gwen\ScrollBar.obj
         obj\x32\Debug\gwen\ScrollBarBar.obj
         obj\x32\Debug\gwen\ScrollBarButton.obj
         obj\x32\Debug\gwen\ScrollControl.obj
         obj\x32\Debug\gwen\Slider.obj
         obj\x32\Debug\gwen\SplitterBar.obj
         obj\x32\Debug\gwen\TabButton.obj
         obj\x32\Debug\gwen\TabControl.obj
         obj\x32\Debug\gwen\TabStrip.obj
         obj\x32\Debug\gwen\Text.obj
         obj\x32\Debug\gwen\TextBox.obj
         obj\x32\Debug\gwen\TextBoxNumeric.obj
         obj\x32\Debug\gwen\TreeControl.obj
         obj\x32\Debug\gwen\TreeNode.obj
         obj\x32\Debug\gwen\VerticalScrollBar.obj
         obj\x32\Debug\gwen\VerticalSlider.obj
         obj\x32\Debug\gwen\WindowControl.obj
         obj\x32\Debug\gwen\FileOpen.obj
         obj\x32\Debug\gwen\FileSave.obj
         obj\x32\Debug\gwen\Query.obj
         obj\x32\Debug\gwen\Null.obj
         obj\x32\Debug\gwen\Windows.obj
         obj\x32\Debug\gwen\OpenGL_DebugFont.obj
     1>Null.obj : warning LNK4221: This object file does not define any previously undefined public symbols, so it will not be used by any link operation that consumes this library
     1>Query.obj : warning LNK4221: This object file does not define any previously undefined public symbols, so it will not be used by any link operation that consumes this library
     1>ImagePanel.obj : warning LNK4221: This object file does not define any previously undefined public symbols, so it will not be used by any link operation that consumes this library
         gwen.vcxproj -> C:\Users\Gabriel\Desktop\bullet3-master\build3\vs2010\..\..\bin\gwen_vs2010_debug.lib
     1>Done Building Project "C:\Users\Gabriel\Desktop\bullet3-master\build3\vs2010\gwen.vcxproj" (Build target(s)).

Build succeeded.

Time Elapsed 00:01:03.38
